This is pdfTeX, Version 3.1415926-1.40.10 (TeX Live 2009/Debian) (format=pdflatex 2014.7.17)  3 NOV 2014 16:03
entering extended mode
 %&-line parsing enabled.
**refman
(./refman.tex
LaTeX2e <2009/09/24>
Babel <v3.8l> and hyphenation patterns for english, usenglishmax, dumylang, noh
yphenation, farsi, arabic, croatian, bulgarian, ukrainian, russian, czech, slov
ak, danish, dutch, finnish, french, basque, ngerman, german, german-x-2009-06-1
9, ngerman-x-2009-06-19, ibycus, monogreek, greek, ancientgreek, hungarian, san
skrit, italian, latin, latvian, lithuanian, mongolian2a, mongolian, bokmal, nyn
orsk, romanian, irish, coptic, serbian, turkish, welsh, esperanto, uppersorbian
, estonian, indonesian, interlingua, icelandic, kurmanji, slovenian, polish, po
rtuguese, spanish, galician, catalan, swedish, ukenglish, pinyin, loaded.
(/usr/share/texmf-texlive/tex/latex/base/book.cls
Document Class: book 2007/10/19 v1.4h Standard LaTeX document class
(/usr/share/texmf-texlive/tex/latex/base/bk10.clo
File: bk10.clo 2007/10/19 v1.4h Standard LaTeX file (size option)
)
\c@part=\count79
\c@chapter=\count80
\c@section=\count81
\c@subsection=\count82
\c@subsubsection=\count83
\c@paragraph=\count84
\c@subparagraph=\count85
\c@figure=\count86
\c@table=\count87
\abovecaptionskip=\skip41
\belowcaptionskip=\skip42
\bibindent=\dimen102
)
(/usr/share/texmf-texlive/tex/latex/tools/calc.sty
Package: calc 2007/08/22 v4.3 Infix arithmetic (KKT,FJ)
\calc@Acount=\count88
\calc@Bcount=\count89
\calc@Adimen=\dimen103
\calc@Bdimen=\dimen104
\calc@Askip=\skip43
\calc@Bskip=\skip44
LaTeX Info: Redefining \setlength on input line 76.
LaTeX Info: Redefining \addtolength on input line 77.
\calc@Ccount=\count90
\calc@Cskip=\skip45
) (./doxygen.sty
Package: doxygen 

(/usr/share/texmf-texlive/tex/latex/base/alltt.sty
Package: alltt 1997/06/16 v2.0g defines alltt environment
)
(/usr/share/texmf-texlive/tex/latex/tools/array.sty
Package: array 2008/09/09 v2.4c Tabular extension package (FMi)
\col@sep=\dimen105
\extrarowheight=\dimen106
\NC@list=\toks14
\extratabsurround=\skip46
\backup@length=\skip47
)
(/usr/share/texmf-texlive/tex/latex/float/float.sty
Package: float 2001/11/08 v1.3d Float enhancements (AL)
\c@float@type=\count91
\float@exts=\toks15
\float@box=\box26
\@float@everytoks=\toks16
\@floatcapt=\box27
)
(/usr/share/texmf-texlive/tex/latex/base/ifthen.sty
Package: ifthen 2001/05/26 v1.1c Standard LaTeX ifthen package (DPC)
)
(/usr/share/texmf-texlive/tex/latex/tools/verbatim.sty
Package: verbatim 2003/08/22 v1.5q LaTeX2e package for verbatim enhancements
\every@verbatim=\toks17
\verbatim@line=\toks18
\verbatim@in@stream=\read1
)
(/usr/share/texmf/tex/latex/xcolor/xcolor.sty
Package: xcolor 2007/01/21 v2.11 LaTeX color extensions (UK)

(/etc/texmf/tex/latex/config/color.cfg
File: color.cfg 2007/01/18 v1.5 color configuration of teTeX/TeXLive
)
Package xcolor Info: Driver file: pdftex.def on input line 225.

(/usr/share/texmf-texlive/tex/latex/pdftex-def/pdftex.def
File: pdftex.def 2010/03/12 v0.04p Graphics/color for pdfTeX
\Gread@gobject=\count92
)
(/usr/share/texmf-texlive/tex/latex/colortbl/colortbl.sty
Package: colortbl 2001/02/13 v0.1j Color table columns (DPC)
\everycr=\toks19
\minrowclearance=\skip48
)
\rownum=\count93
Package xcolor Info: Model `cmy' substituted by `cmy0' on input line 1337.
Package xcolor Info: Model `hsb' substituted by `rgb' on input line 1341.
Package xcolor Info: Model `RGB' extended on input line 1353.
Package xcolor Info: Model `HTML' substituted by `rgb' on input line 1355.
Package xcolor Info: Model `Hsb' substituted by `hsb' on input line 1356.
Package xcolor Info: Model `tHsb' substituted by `hsb' on input line 1357.
Package xcolor Info: Model `HSB' substituted by `hsb' on input line 1358.
Package xcolor Info: Model `Gray' substituted by `gray' on input line 1359.
Package xcolor Info: Model `wave' substituted by `hsb' on input line 1360.
)
(/usr/share/texmf-texlive/tex/latex/xtab/xtab.sty
Package: xtab 2008/07/26 v2.3c Extended supertabular package
\c@tracingst=\count94
\PWSTcapht=\dimen107
\ST@wd=\dimen108
\ST@rightskip=\skip49
\ST@leftskip=\skip50
\ST@parfillskip=\skip51
\c@PWSTtable=\count95
\PWSTlastpage=\count96
\PWSTpenultimate=\count97
\PWSTcurpage=\count98
\PWSTtempc=\count99
\PWSTlines=\count100
\PWST@lastht=\dimen109
\PWST@generalht=\dimen110
\PWST@ht=\dimen111
\ST@pageleft=\dimen112
\ST@headht=\dimen113
\ST@tailht=\dimen114
\ST@pagesofar=\dimen115
\ST@pboxht=\dimen116
\ST@lineht=\dimen117
\ST@stretchht=\dimen118
\ST@prevht=\dimen119
\ST@toadd=\dimen120
\ST@dimen=\dimen121
\ST@pbox=\box28
)
\xrefbox=\box29
\xreflength=\skip52
\tmplength=\skip53
)
(/usr/share/texmf-texlive/tex/latex/graphics/graphicx.sty
Package: graphicx 1999/02/16 v1.0f Enhanced LaTeX Graphics (DPC,SPQR)

(/usr/share/texmf-texlive/tex/latex/graphics/keyval.sty
Package: keyval 1999/03/16 v1.13 key=value parser (DPC)
\KV@toks@=\toks20
)
(/usr/share/texmf-texlive/tex/latex/graphics/graphics.sty
Package: graphics 2009/02/05 v1.0o Standard LaTeX Graphics (DPC,SPQR)

(/usr/share/texmf-texlive/tex/latex/graphics/trig.sty
Package: trig 1999/03/16 v1.09 sin cos tan (DPC)
)
(/etc/texmf/tex/latex/config/graphics.cfg
File: graphics.cfg 2009/08/28 v1.8 graphics configuration of TeX Live
)
Package graphics Info: Driver file: pdftex.def on input line 91.
)
\Gin@req@height=\dimen122
\Gin@req@width=\dimen123
)
(/usr/share/texmf-texlive/tex/latex/base/inputenc.sty
Package: inputenc 2008/03/30 v1.1d Input encoding file
\inpenc@prehook=\toks21
\inpenc@posthook=\toks22

(/usr/share/texmf-texlive/tex/latex/base/utf8.def
File: utf8.def 2008/04/05 v1.1m UTF-8 support for inputenc
Now handling font encoding OML ...
... no UTF-8 mapping file for font encoding OML
Now handling font encoding T1 ...
... processing UTF-8 mapping file for font encoding T1

(/usr/share/texmf-texlive/tex/latex/base/t1enc.dfu
File: t1enc.dfu 2008/04/05 v1.1m UTF-8 support for inputenc
   defining Unicode char U+00A1 (decimal 161)
   defining Unicode char U+00A3 (decimal 163)
   defining Unicode char U+00AB (decimal 171)
   defining Unicode char U+00BB (decimal 187)
   defining Unicode char U+00BF (decimal 191)
   defining Unicode char U+00C0 (decimal 192)
   defining Unicode char U+00C1 (decimal 193)
   defining Unicode char U+00C2 (decimal 194)
   defining Unicode char U+00C3 (decimal 195)
   defining Unicode char U+00C4 (decimal 196)
   defining Unicode char U+00C5 (decimal 197)
   defining Unicode char U+00C6 (decimal 198)
   defining Unicode char U+00C7 (decimal 199)
   defining Unicode char U+00C8 (decimal 200)
   defining Unicode char U+00C9 (decimal 201)
   defining Unicode char U+00CA (decimal 202)
   defining Unicode char U+00CB (decimal 203)
   defining Unicode char U+00CC (decimal 204)
   defining Unicode char U+00CD (decimal 205)
   defining Unicode char U+00CE (decimal 206)
   defining Unicode char U+00CF (decimal 207)
   defining Unicode char U+00D0 (decimal 208)
   defining Unicode char U+00D1 (decimal 209)
   defining Unicode char U+00D2 (decimal 210)
   defining Unicode char U+00D3 (decimal 211)
   defining Unicode char U+00D4 (decimal 212)
   defining Unicode char U+00D5 (decimal 213)
   defining Unicode char U+00D6 (decimal 214)
   defining Unicode char U+00D8 (decimal 216)
   defining Unicode char U+00D9 (decimal 217)
   defining Unicode char U+00DA (decimal 218)
   defining Unicode char U+00DB (decimal 219)
   defining Unicode char U+00DC (decimal 220)
   defining Unicode char U+00DD (decimal 221)
   defining Unicode char U+00DE (decimal 222)
   defining Unicode char U+00DF (decimal 223)
   defining Unicode char U+00E0 (decimal 224)
   defining Unicode char U+00E1 (decimal 225)
   defining Unicode char U+00E2 (decimal 226)
   defining Unicode char U+00E3 (decimal 227)
   defining Unicode char U+00E4 (decimal 228)
   defining Unicode char U+00E5 (decimal 229)
   defining Unicode char U+00E6 (decimal 230)
   defining Unicode char U+00E7 (decimal 231)
   defining Unicode char U+00E8 (decimal 232)
   defining Unicode char U+00E9 (decimal 233)
   defining Unicode char U+00EA (decimal 234)
   defining Unicode char U+00EB (decimal 235)
   defining Unicode char U+00EC (decimal 236)
   defining Unicode char U+00ED (decimal 237)
   defining Unicode char U+00EE (decimal 238)
   defining Unicode char U+00EF (decimal 239)
   defining Unicode char U+00F0 (decimal 240)
   defining Unicode char U+00F1 (decimal 241)
   defining Unicode char U+00F2 (decimal 242)
   defining Unicode char U+00F3 (decimal 243)
   defining Unicode char U+00F4 (decimal 244)
   defining Unicode char U+00F5 (decimal 245)
   defining Unicode char U+00F6 (decimal 246)
   defining Unicode char U+00F8 (decimal 248)
   defining Unicode char U+00F9 (decimal 249)
   defining Unicode char U+00FA (decimal 250)
   defining Unicode char U+00FB (decimal 251)
   defining Unicode char U+00FC (decimal 252)
   defining Unicode char U+00FD (decimal 253)
   defining Unicode char U+00FE (decimal 254)
   defining Unicode char U+00FF (decimal 255)
   defining Unicode char U+0102 (decimal 258)
   defining Unicode char U+0103 (decimal 259)
   defining Unicode char U+0104 (decimal 260)
   defining Unicode char U+0105 (decimal 261)
   defining Unicode char U+0106 (decimal 262)
   defining Unicode char U+0107 (decimal 263)
   defining Unicode char U+010C (decimal 268)
   defining Unicode char U+010D (decimal 269)
   defining Unicode char U+010E (decimal 270)
   defining Unicode char U+010F (decimal 271)
   defining Unicode char U+0110 (decimal 272)
   defining Unicode char U+0111 (decimal 273)
   defining Unicode char U+0118 (decimal 280)
   defining Unicode char U+0119 (decimal 281)
   defining Unicode char U+011A (decimal 282)
   defining Unicode char U+011B (decimal 283)
   defining Unicode char U+011E (decimal 286)
   defining Unicode char U+011F (decimal 287)
   defining Unicode char U+0130 (decimal 304)
   defining Unicode char U+0131 (decimal 305)
   defining Unicode char U+0132 (decimal 306)
   defining Unicode char U+0133 (decimal 307)
   defining Unicode char U+0139 (decimal 313)
   defining Unicode char U+013A (decimal 314)
   defining Unicode char U+013D (decimal 317)
   defining Unicode char U+013E (decimal 318)
   defining Unicode char U+0141 (decimal 321)
   defining Unicode char U+0142 (decimal 322)
   defining Unicode char U+0143 (decimal 323)
   defining Unicode char U+0144 (decimal 324)
   defining Unicode char U+0147 (decimal 327)
   defining Unicode char U+0148 (decimal 328)
   defining Unicode char U+014A (decimal 330)
   defining Unicode char U+014B (decimal 331)
   defining Unicode char U+0150 (decimal 336)
   defining Unicode char U+0151 (decimal 337)
   defining Unicode char U+0152 (decimal 338)
   defining Unicode char U+0153 (decimal 339)
   defining Unicode char U+0154 (decimal 340)
   defining Unicode char U+0155 (decimal 341)
   defining Unicode char U+0158 (decimal 344)
   defining Unicode char U+0159 (decimal 345)
   defining Unicode char U+015A (decimal 346)
   defining Unicode char U+015B (decimal 347)
   defining Unicode char U+015E (decimal 350)
   defining Unicode char U+015F (decimal 351)
   defining Unicode char U+0160 (decimal 352)
   defining Unicode char U+0161 (decimal 353)
   defining Unicode char U+0162 (decimal 354)
   defining Unicode char U+0163 (decimal 355)
   defining Unicode char U+0164 (decimal 356)
   defining Unicode char U+0165 (decimal 357)
   defining Unicode char U+016E (decimal 366)
   defining Unicode char U+016F (decimal 367)
   defining Unicode char U+0170 (decimal 368)
   defining Unicode char U+0171 (decimal 369)
   defining Unicode char U+0178 (decimal 376)
   defining Unicode char U+0179 (decimal 377)
   defining Unicode char U+017A (decimal 378)
   defining Unicode char U+017B (decimal 379)
   defining Unicode char U+017C (decimal 380)
   defining Unicode char U+017D (decimal 381)
   defining Unicode char U+017E (decimal 382)
   defining Unicode char U+200C (decimal 8204)
   defining Unicode char U+2013 (decimal 8211)
   defining Unicode char U+2014 (decimal 8212)
   defining Unicode char U+2018 (decimal 8216)
   defining Unicode char U+2019 (decimal 8217)
   defining Unicode char U+201A (decimal 8218)
   defining Unicode char U+201C (decimal 8220)
   defining Unicode char U+201D (decimal 8221)
   defining Unicode char U+201E (decimal 8222)
   defining Unicode char U+2030 (decimal 8240)
   defining Unicode char U+2031 (decimal 8241)
   defining Unicode char U+2039 (decimal 8249)
   defining Unicode char U+203A (decimal 8250)
   defining Unicode char U+2423 (decimal 9251)
)
Now handling font encoding OT1 ...
... processing UTF-8 mapping file for font encoding OT1

(/usr/share/texmf-texlive/tex/latex/base/ot1enc.dfu
File: ot1enc.dfu 2008/04/05 v1.1m UTF-8 support for inputenc
   defining Unicode char U+00A1 (decimal 161)
   defining Unicode char U+00A3 (decimal 163)
   defining Unicode char U+00B8 (decimal 184)
   defining Unicode char U+00BF (decimal 191)
   defining Unicode char U+00C5 (decimal 197)
   defining Unicode char U+00C6 (decimal 198)
   defining Unicode char U+00D8 (decimal 216)
   defining Unicode char U+00DF (decimal 223)
   defining Unicode char U+00E6 (decimal 230)
   defining Unicode char U+00EC (decimal 236)
   defining Unicode char U+00ED (decimal 237)
   defining Unicode char U+00EE (decimal 238)
   defining Unicode char U+00EF (decimal 239)
   defining Unicode char U+00F8 (decimal 248)
   defining Unicode char U+0131 (decimal 305)
   defining Unicode char U+0141 (decimal 321)
   defining Unicode char U+0142 (decimal 322)
   defining Unicode char U+0152 (decimal 338)
   defining Unicode char U+0153 (decimal 339)
   defining Unicode char U+2013 (decimal 8211)
   defining Unicode char U+2014 (decimal 8212)
   defining Unicode char U+2018 (decimal 8216)
   defining Unicode char U+2019 (decimal 8217)
   defining Unicode char U+201C (decimal 8220)
   defining Unicode char U+201D (decimal 8221)
)
Now handling font encoding OMS ...
... processing UTF-8 mapping file for font encoding OMS

(/usr/share/texmf-texlive/tex/latex/base/omsenc.dfu
File: omsenc.dfu 2008/04/05 v1.1m UTF-8 support for inputenc
   defining Unicode char U+00A7 (decimal 167)
   defining Unicode char U+00B6 (decimal 182)
   defining Unicode char U+00B7 (decimal 183)
   defining Unicode char U+2020 (decimal 8224)
   defining Unicode char U+2021 (decimal 8225)
   defining Unicode char U+2022 (decimal 8226)
)
Now handling font encoding OMX ...
... no UTF-8 mapping file for font encoding OMX
Now handling font encoding U ...
... no UTF-8 mapping file for font encoding U
   defining Unicode char U+00A9 (decimal 169)
   defining Unicode char U+00AA (decimal 170)
   defining Unicode char U+00AE (decimal 174)
   defining Unicode char U+00BA (decimal 186)
   defining Unicode char U+02C6 (decimal 710)
   defining Unicode char U+02DC (decimal 732)
   defining Unicode char U+200C (decimal 8204)
   defining Unicode char U+2026 (decimal 8230)
   defining Unicode char U+2122 (decimal 8482)
   defining Unicode char U+2423 (decimal 9251)
))
(/usr/share/texmf-texlive/tex/latex/base/makeidx.sty
Package: makeidx 2000/03/29 v1.0m Standard LaTeX package
)
(/usr/share/texmf-texlive/tex/latex/tools/multicol.sty
Package: multicol 2008/12/05 v1.6h multicolumn formatting (FMi)
\c@tracingmulticols=\count101
\mult@box=\box30
\multicol@leftmargin=\dimen124
\c@unbalance=\count102
\c@collectmore=\count103
\doublecol@number=\count104
\multicoltolerance=\count105
\multicolpretolerance=\count106
\full@width=\dimen125
\page@free=\dimen126
\premulticols=\dimen127
\postmulticols=\dimen128
\multicolsep=\skip54
\multicolbaselineskip=\skip55
\partial@page=\box31
\last@line=\box32
\mult@rightbox=\box33
\mult@grightbox=\box34
\mult@gfirstbox=\box35
\mult@firstbox=\box36
\@tempa=\box37
\@tempa=\box38
\@tempa=\box39
\@tempa=\box40
\@tempa=\box41
\@tempa=\box42
\@tempa=\box43
\@tempa=\box44
\@tempa=\box45
\@tempa=\box46
\@tempa=\box47
\@tempa=\box48
\@tempa=\box49
\@tempa=\box50
\@tempa=\box51
\@tempa=\box52
\@tempa=\box53
\c@columnbadness=\count107
\c@finalcolumnbadness=\count108
\last@try=\dimen129
\multicolovershoot=\dimen130
\multicolundershoot=\dimen131
\mult@nat@firstbox=\box54
\colbreak@box=\box55
)
(/usr/share/texmf-texlive/tex/latex/multirow/multirow.sty
\bigstrutjot=\dimen132
)
(/usr/share/texmf-texlive/tex/latex/base/textcomp.sty
Package: textcomp 2005/09/27 v1.99g Standard LaTeX package
Package textcomp Info: Sub-encoding information:
(textcomp)               5 = only ISO-Adobe without \textcurrency
(textcomp)               4 = 5 + \texteuro
(textcomp)               3 = 4 + \textohm
(textcomp)               2 = 3 + \textestimated + \textcurrency
(textcomp)               1 = TS1 - \textcircled - \t
(textcomp)               0 = TS1 (full)
(textcomp)             Font families with sub-encoding setting implement
(textcomp)             only a restricted character set as indicated.
(textcomp)             Family '?' is the default used for unknown fonts.
(textcomp)             See the documentation for details.
Package textcomp Info: Setting ? sub-encoding to TS1/1 on input line 71.

(/usr/share/texmf-texlive/tex/latex/base/ts1enc.def
File: ts1enc.def 2001/06/05 v3.0e (jk/car/fm) Standard LaTeX file
Now handling font encoding TS1 ...
... processing UTF-8 mapping file for font encoding TS1

(/usr/share/texmf-texlive/tex/latex/base/ts1enc.dfu
File: ts1enc.dfu 2008/04/05 v1.1m UTF-8 support for inputenc
   defining Unicode char U+00A2 (decimal 162)
   defining Unicode char U+00A3 (decimal 163)
   defining Unicode char U+00A4 (decimal 164)
   defining Unicode char U+00A5 (decimal 165)
   defining Unicode char U+00A6 (decimal 166)
   defining Unicode char U+00A7 (decimal 167)
   defining Unicode char U+00A8 (decimal 168)
   defining Unicode char U+00A9 (decimal 169)
   defining Unicode char U+00AA (decimal 170)
   defining Unicode char U+00AC (decimal 172)
   defining Unicode char U+00AE (decimal 174)
   defining Unicode char U+00AF (decimal 175)
   defining Unicode char U+00B0 (decimal 176)
   defining Unicode char U+00B1 (decimal 177)
   defining Unicode char U+00B2 (decimal 178)
   defining Unicode char U+00B3 (decimal 179)
   defining Unicode char U+00B4 (decimal 180)
   defining Unicode char U+00B5 (decimal 181)
   defining Unicode char U+00B6 (decimal 182)
   defining Unicode char U+00B7 (decimal 183)
   defining Unicode char U+00B9 (decimal 185)
   defining Unicode char U+00BA (decimal 186)
   defining Unicode char U+00BC (decimal 188)
   defining Unicode char U+00BD (decimal 189)
   defining Unicode char U+00BE (decimal 190)
   defining Unicode char U+00D7 (decimal 215)
   defining Unicode char U+00F7 (decimal 247)
   defining Unicode char U+0192 (decimal 402)
   defining Unicode char U+02C7 (decimal 711)
   defining Unicode char U+02D8 (decimal 728)
   defining Unicode char U+02DD (decimal 733)
   defining Unicode char U+0E3F (decimal 3647)
   defining Unicode char U+2016 (decimal 8214)
   defining Unicode char U+2020 (decimal 8224)
   defining Unicode char U+2021 (decimal 8225)
   defining Unicode char U+2022 (decimal 8226)
   defining Unicode char U+2030 (decimal 8240)
   defining Unicode char U+2031 (decimal 8241)
   defining Unicode char U+203B (decimal 8251)
   defining Unicode char U+203D (decimal 8253)
   defining Unicode char U+2044 (decimal 8260)
   defining Unicode char U+204E (decimal 8270)
   defining Unicode char U+2052 (decimal 8274)
   defining Unicode char U+20A1 (decimal 8353)
   defining Unicode char U+20A4 (decimal 8356)
   defining Unicode char U+20A6 (decimal 8358)
   defining Unicode char U+20A9 (decimal 8361)
   defining Unicode char U+20AB (decimal 8363)
   defining Unicode char U+20AC (decimal 8364)
   defining Unicode char U+20B1 (decimal 8369)
   defining Unicode char U+2103 (decimal 8451)
   defining Unicode char U+2116 (decimal 8470)
   defining Unicode char U+2117 (decimal 8471)
   defining Unicode char U+211E (decimal 8478)
   defining Unicode char U+2120 (decimal 8480)
   defining Unicode char U+2122 (decimal 8482)
   defining Unicode char U+2126 (decimal 8486)
   defining Unicode char U+2127 (decimal 8487)
   defining Unicode char U+212E (decimal 8494)
   defining Unicode char U+2190 (decimal 8592)
   defining Unicode char U+2191 (decimal 8593)
   defining Unicode char U+2192 (decimal 8594)
   defining Unicode char U+2193 (decimal 8595)
   defining Unicode char U+2329 (decimal 9001)
   defining Unicode char U+232A (decimal 9002)
   defining Unicode char U+2422 (decimal 9250)
   defining Unicode char U+25E6 (decimal 9702)
   defining Unicode char U+25EF (decimal 9711)
   defining Unicode char U+266A (decimal 9834)
))
LaTeX Info: Redefining \oldstylenums on input line 266.
Package textcomp Info: Setting cmr sub-encoding to TS1/0 on input line 281.
Package textcomp Info: Setting cmss sub-encoding to TS1/0 on input line 282.
Package textcomp Info: Setting cmtt sub-encoding to TS1/0 on input line 283.
Package textcomp Info: Setting cmvtt sub-encoding to TS1/0 on input line 284.
Package textcomp Info: Setting cmbr sub-encoding to TS1/0 on input line 285.
Package textcomp Info: Setting cmtl sub-encoding to TS1/0 on input line 286.
Package textcomp Info: Setting ccr sub-encoding to TS1/0 on input line 287.
Package textcomp Info: Setting ptm sub-encoding to TS1/4 on input line 288.
Package textcomp Info: Setting pcr sub-encoding to TS1/4 on input line 289.
Package textcomp Info: Setting phv sub-encoding to TS1/4 on input line 290.
Package textcomp Info: Setting ppl sub-encoding to TS1/3 on input line 291.
Package textcomp Info: Setting pag sub-encoding to TS1/4 on input line 292.
Package textcomp Info: Setting pbk sub-encoding to TS1/4 on input line 293.
Package textcomp Info: Setting pnc sub-encoding to TS1/4 on input line 294.
Package textcomp Info: Setting pzc sub-encoding to TS1/4 on input line 295.
Package textcomp Info: Setting bch sub-encoding to TS1/4 on input line 296.
Package textcomp Info: Setting put sub-encoding to TS1/5 on input line 297.
Package textcomp Info: Setting uag sub-encoding to TS1/5 on input line 298.
Package textcomp Info: Setting ugq sub-encoding to TS1/5 on input line 299.
Package textcomp Info: Setting ul8 sub-encoding to TS1/4 on input line 300.
Package textcomp Info: Setting ul9 sub-encoding to TS1/4 on input line 301.
Package textcomp Info: Setting augie sub-encoding to TS1/5 on input line 302.
Package textcomp Info: Setting dayrom sub-encoding to TS1/3 on input line 303.
Package textcomp Info: Setting dayroms sub-encoding to TS1/3 on input line 304.

Package textcomp Info: Setting pxr sub-encoding to TS1/0 on input line 305.
Package textcomp Info: Setting pxss sub-encoding to TS1/0 on input line 306.
Package textcomp Info: Setting pxtt sub-encoding to TS1/0 on input line 307.
Package textcomp Info: Setting txr sub-encoding to TS1/0 on input line 308.
Package textcomp Info: Setting txss sub-encoding to TS1/0 on input line 309.
Package textcomp Info: Setting txtt sub-encoding to TS1/0 on input line 310.
Package textcomp Info: Setting futs sub-encoding to TS1/4 on input line 311.
Package textcomp Info: Setting futx sub-encoding to TS1/4 on input line 312.
Package textcomp Info: Setting futj sub-encoding to TS1/4 on input line 313.
Package textcomp Info: Setting hlh sub-encoding to TS1/3 on input line 314.
Package textcomp Info: Setting hls sub-encoding to TS1/3 on input line 315.
Package textcomp Info: Setting hlst sub-encoding to TS1/3 on input line 316.
Package textcomp Info: Setting hlct sub-encoding to TS1/5 on input line 317.
Package textcomp Info: Setting hlx sub-encoding to TS1/5 on input line 318.
Package textcomp Info: Setting hlce sub-encoding to TS1/5 on input line 319.
Package textcomp Info: Setting hlcn sub-encoding to TS1/5 on input line 320.
Package textcomp Info: Setting hlcw sub-encoding to TS1/5 on input line 321.
Package textcomp Info: Setting hlcf sub-encoding to TS1/5 on input line 322.
Package textcomp Info: Setting pplx sub-encoding to TS1/3 on input line 323.
Package textcomp Info: Setting pplj sub-encoding to TS1/3 on input line 324.
Package textcomp Info: Setting ptmx sub-encoding to TS1/4 on input line 325.
Package textcomp Info: Setting ptmj sub-encoding to TS1/4 on input line 326.
)
(/usr/share/texmf-texlive/tex/latex/base/fontenc.sty
Package: fontenc 2005/09/27 v1.99g Standard LaTeX package

(/usr/share/texmf-texlive/tex/latex/base/t1enc.def
File: t1enc.def 2005/09/27 v1.99g Standard LaTeX file
LaTeX Font Info:    Redeclaring font encoding T1 on input line 43.
))
(/usr/share/texmf-texlive/tex/latex/psnfss/mathptmx.sty
Package: mathptmx 2005/04/12 PSNFSS-v9.2a Times w/ Math, improved (SPQR, WaS) 
LaTeX Font Info:    Redeclaring symbol font `operators' on input line 28.
LaTeX Font Info:    Overwriting symbol font `operators' in version `normal'
(Font)                  OT1/cmr/m/n --> OT1/ztmcm/m/n on input line 28.
LaTeX Font Info:    Overwriting symbol font `operators' in version `bold'
(Font)                  OT1/cmr/bx/n --> OT1/ztmcm/m/n on input line 28.
LaTeX Font Info:    Redeclaring symbol font `letters' on input line 29.
LaTeX Font Info:    Overwriting symbol font `letters' in version `normal'
(Font)                  OML/cmm/m/it --> OML/ztmcm/m/it on input line 29.
LaTeX Font Info:    Overwriting symbol font `letters' in version `bold'
(Font)                  OML/cmm/b/it --> OML/ztmcm/m/it on input line 29.
LaTeX Font Info:    Redeclaring symbol font `symbols' on input line 30.
LaTeX Font Info:    Overwriting symbol font `symbols' in version `normal'
(Font)                  OMS/cmsy/m/n --> OMS/ztmcm/m/n on input line 30.
LaTeX Font Info:    Overwriting symbol font `symbols' in version `bold'
(Font)                  OMS/cmsy/b/n --> OMS/ztmcm/m/n on input line 30.
LaTeX Font Info:    Redeclaring symbol font `largesymbols' on input line 31.
LaTeX Font Info:    Overwriting symbol font `largesymbols' in version `normal'
(Font)                  OMX/cmex/m/n --> OMX/ztmcm/m/n on input line 31.
LaTeX Font Info:    Overwriting symbol font `largesymbols' in version `bold'
(Font)                  OMX/cmex/m/n --> OMX/ztmcm/m/n on input line 31.
\symbold=\mathgroup4
\symitalic=\mathgroup5
LaTeX Font Info:    Redeclaring math alphabet \mathbf on input line 34.
LaTeX Font Info:    Overwriting math alphabet `\mathbf' in version `normal'
(Font)                  OT1/cmr/bx/n --> OT1/ptm/bx/n on input line 34.
LaTeX Font Info:    Overwriting math alphabet `\mathbf' in version `bold'
(Font)                  OT1/cmr/bx/n --> OT1/ptm/bx/n on input line 34.
LaTeX Font Info:    Redeclaring math alphabet \mathit on input line 35.
LaTeX Font Info:    Overwriting math alphabet `\mathit' in version `normal'
(Font)                  OT1/cmr/m/it --> OT1/ptm/m/it on input line 35.
LaTeX Font Info:    Overwriting math alphabet `\mathit' in version `bold'
(Font)                  OT1/cmr/bx/it --> OT1/ptm/m/it on input line 35.
LaTeX Info: Redefining \hbar on input line 50.
)
(/usr/share/texmf-texlive/tex/latex/psnfss/helvet.sty
Package: helvet 2005/04/12 PSNFSS-v9.2a (WaS) 
)
(/usr/share/texmf-texlive/tex/latex/psnfss/courier.sty
Package: courier 2005/04/12 PSNFSS-v9.2a (WaS) 
)
(/usr/share/texmf-texlive/tex/latex/amsfonts/amssymb.sty
Package: amssymb 2009/06/22 v3.00

(/usr/share/texmf-texlive/tex/latex/amsfonts/amsfonts.sty
Package: amsfonts 2009/06/22 v3.00 Basic AMSFonts support
\@emptytoks=\toks23
\symAMSa=\mathgroup6
\symAMSb=\mathgroup7
LaTeX Font Info:    Overwriting math alphabet `\mathfrak' in version `bold'
(Font)                  U/euf/m/n --> U/euf/b/n on input line 96.
))
(/usr/share/texmf-texlive/tex/latex/sectsty/sectsty.sty
Package: sectsty 2002/02/25 v2.0.2 Commands to change all sectional heading sty
les
)
(/usr/share/texmf-texlive/tex/latex/geometry/geometry.sty
Package: geometry 2008/12/21 v4.2 Page Geometry

(/usr/share/texmf-texlive/tex/generic/oberdiek/ifpdf.sty
Package: ifpdf 2009/04/10 v2.0 Provides the ifpdf switch (HO)
Package ifpdf Info: pdfTeX in pdf mode detected.
)
(/usr/share/texmf-texlive/tex/generic/oberdiek/ifvtex.sty
Package: ifvtex 2008/11/04 v1.4 Switches for detecting VTeX and its modes (HO)
Package ifvtex Info: VTeX not detected.
)
\Gm@cnth=\count109
\Gm@cntv=\count110
\c@Gm@tempcnt=\count111
\Gm@bindingoffset=\dimen133
\Gm@wd@mp=\dimen134
\Gm@odd@mp=\dimen135
\Gm@even@mp=\dimen136
\Gm@dimlist=\toks24

(/usr/share/texmf-texlive/tex/xelatex/xetexconfig/geometry.cfg))
(/usr/share/texmf-texlive/tex/latex/fancyhdr/fancyhdr.sty
\fancy@headwidth=\skip56
\f@ncyO@elh=\skip57
\f@ncyO@erh=\skip58
\f@ncyO@olh=\skip59
\f@ncyO@orh=\skip60
\f@ncyO@elf=\skip61
\f@ncyO@erf=\skip62
\f@ncyO@olf=\skip63
\f@ncyO@orf=\skip64
)
(/usr/share/texmf-texlive/tex/latex/natbib/natbib.sty
Package: natbib 2009/07/16 8.31 (PWD, AO)
\bibhang=\skip65
\bibsep=\skip66
LaTeX Info: Redefining \cite on input line 694.
\c@NAT@ctr=\count112
)
(/usr/share/texmf-texlive/tex/latex/tocloft/tocloft.sty
Package: tocloft 2009/09/04 v2.3d parameterised ToC, etc., typesetting


Package tocloft Note: The document has chapter divisions.

\cftparskip=\skip67
\cftbeforetoctitleskip=\skip68
\cftaftertoctitleskip=\skip69
\cftbeforepartskip=\skip70
\cftpartnumwidth=\skip71
\cftpartindent=\skip72
\cftbeforechapskip=\skip73
\cftchapindent=\skip74
\cftchapnumwidth=\skip75
\cftbeforesecskip=\skip76
\cftsecindent=\skip77
\cftsecnumwidth=\skip78
\cftbeforesubsecskip=\skip79
\cftsubsecindent=\skip80
\cftsubsecnumwidth=\skip81
\cftbeforesubsubsecskip=\skip82
\cftsubsubsecindent=\skip83
\cftsubsubsecnumwidth=\skip84
\cftbeforeparaskip=\skip85
\cftparaindent=\skip86
\cftparanumwidth=\skip87
\cftbeforesubparaskip=\skip88
\cftsubparaindent=\skip89
\cftsubparanumwidth=\skip90
\cftbeforeloftitleskip=\skip91
\cftafterloftitleskip=\skip92
\cftbeforefigskip=\skip93
\cftfigindent=\skip94
\cftfignumwidth=\skip95
\c@lofdepth=\count113
\c@lotdepth=\count114
\cftbeforelottitleskip=\skip96
\cftafterlottitleskip=\skip97
\cftbeforetabskip=\skip98
\cfttabindent=\skip99
\cfttabnumwidth=\skip100
)
\@indexfile=\write3
\openout3 = `refman.idx'.


Writing index file refman.idx
(/usr/share/texmf-texlive/tex/latex/hyperref/hyperref.sty
Package: hyperref 2009/10/09 v6.79a Hypertext links for LaTeX

(/usr/share/texmf-texlive/tex/generic/ifxetex/ifxetex.sty
Package: ifxetex 2009/01/23 v0.5 Provides ifxetex conditional
)
(/usr/share/texmf-texlive/tex/latex/oberdiek/hycolor.sty
Package: hycolor 2009/10/02 v1.5 Code for color options of hyperref/bookmark (H
O)

(/usr/share/texmf-texlive/tex/latex/oberdiek/xcolor-patch.sty
Package: xcolor-patch 2009/10/02 xcolor patch
))
\@linkdim=\dimen137
\Hy@linkcounter=\count115
\Hy@pagecounter=\count116

(/usr/share/texmf-texlive/tex/latex/hyperref/pd1enc.def
File: pd1enc.def 2009/10/09 v6.79a Hyperref: PDFDocEncoding definition (HO)
Now handling font encoding PD1 ...
... no UTF-8 mapping file for font encoding PD1
)
(/usr/share/texmf-texlive/tex/generic/oberdiek/etexcmds.sty
Package: etexcmds 2007/12/12 v1.2 Prefix for e-TeX command names (HO)

(/usr/share/texmf-texlive/tex/generic/oberdiek/infwarerr.sty
Package: infwarerr 2007/09/09 v1.2 Providing info/warning/message (HO)
)
Package etexcmds Info: Could not find \expanded.
(etexcmds)             That can mean that you are not using pdfTeX 1.50 or
(etexcmds)             that some package has redefined \expanded.
(etexcmds)             In the latter case, load this package earlier.
)
(/usr/share/texmf-texlive/tex/latex/latexconfig/hyperref.cfg
File: hyperref.cfg 2002/06/06 v1.2 hyperref configuration of TeXLive
)
(/usr/share/texmf-texlive/tex/latex/oberdiek/kvoptions.sty
Package: kvoptions 2009/08/13 v3.4 Keyval support for LaTeX options (HO)

(/usr/share/texmf-texlive/tex/generic/oberdiek/kvsetkeys.sty
Package: kvsetkeys 2009/07/30 v1.5 Key value parser with default handler suppor
t (HO)
))
Package hyperref Info: Hyper figures OFF on input line 2975.
Package hyperref Info: Link nesting OFF on input line 2980.
Package hyperref Info: Hyper index ON on input line 2983.
Package hyperref Info: Plain pages OFF on input line 2990.
Package hyperref Info: Backreferencing ON on input line 2993.

Implicit mode ON; LaTeX internals redefined
Package hyperref Info: Bookmarks ON on input line 3191.
(/usr/share/texmf-texlive/tex/latex/hyperref/backref.sty
Package: backref 2006/09/05 v1.28 Bibliographical back referencing
)
(/usr/local/share/texmf/tex/latex/cedram/required/url.sty
\Urlmuskip=\muskip10
Package: url 2006/04/12  ver 3.3  Verb mode for urls, etc.
)
LaTeX Info: Redefining \url on input line 3428.

(/usr/share/texmf-texlive/tex/generic/oberdiek/bitset.sty
Package: bitset 2007/09/28 v1.0 Data type bit set (HO)

(/usr/share/texmf-texlive/tex/generic/oberdiek/intcalc.sty
Package: intcalc 2007/09/27 v1.1 Expandable integer calculations (HO)
)
(/usr/share/texmf-texlive/tex/generic/oberdiek/bigintcalc.sty
Package: bigintcalc 2007/11/11 v1.1 Expandable big integer calculations (HO)

(/usr/share/texmf-texlive/tex/generic/oberdiek/pdftexcmds.sty
Package: pdftexcmds 2009/09/23 v0.6 LuaTeX support for pdfTeX utility functions
 (HO)

(/usr/share/texmf-texlive/tex/generic/oberdiek/ifluatex.sty
Package: ifluatex 2009/04/17 v1.2 Provides the ifluatex switch (HO)
Package ifluatex Info: LuaTeX not detected.
)
(/usr/share/texmf-texlive/tex/generic/oberdiek/ltxcmds.sty
Package: ltxcmds 2009/08/05 v1.0 Some LaTeX kernel commands for general use (HO
)
)
Package pdftexcmds Info: LuaTeX not detected.
Package pdftexcmds Info: \pdf@primitive is available.
Package pdftexcmds Info: \pdf@ifprimitive is available.
)))
\Fld@menulength=\count117
\Field@Width=\dimen138
\Fld@charsize=\dimen139
\Field@toks=\toks25
Package hyperref Info: Hyper figures OFF on input line 4377.
Package hyperref Info: Link nesting OFF on input line 4382.
Package hyperref Info: Hyper index ON on input line 4385.
Package hyperref Info: backreferencing ON on input line 4390.
Package hyperref Info: Link coloring OFF on input line 4397.
Package hyperref Info: Link coloring with OCG OFF on input line 4402.
Package hyperref Info: PDF/A mode OFF on input line 4407.

(/usr/share/texmf-texlive/tex/generic/oberdiek/atbegshi.sty
Package: atbegshi 2008/07/31 v1.9 At begin shipout hook (HO)
)
\Hy@abspage=\count118
\c@Item=\count119
\c@Hfootnote=\count120
)
*hyperref using driver hpdftex*
(/usr/share/texmf-texlive/tex/latex/hyperref/hpdftex.def
File: hpdftex.def 2009/10/09 v6.79a Hyperref driver for pdfTeX
\Fld@listcount=\count121
)
Package hyperref Info: Option `colorlinks' set `true' on input line 101.
Package hyperref Info: Option `unicode' set `true' on input line 101.

(/usr/share/texmf-texlive/tex/latex/hyperref/puenc.def
File: puenc.def 2009/10/09 v6.79a Hyperref: PDF Unicode definition (HO)
Now handling font encoding PU ...
... no UTF-8 mapping file for font encoding PU
) (./refman.aux

LaTeX Warning: Label `classodes_1_1fortranVector_a0a9a82f6efc0a9e5ea40dc240eebc
800' multiply defined.


LaTeX Warning: Label `classodes_1_1fortranVector_ada6f1dfa695ada960f621d9728e0f
8e0' multiply defined.


LaTeX Warning: Label `classodes_1_1fortranVector_acd2f3c622c5c901e0a2fcefc445fb
74c' multiply defined.


LaTeX Warning: Label `classodes_1_1fortranVector_a9177196a3ec94139a163e7fa8b19b
92b' multiply defined.


LaTeX Warning: Label `classodes_1_1fortranVector_ae522acf0f26411ce0ee14c77cddd7
bfa' multiply defined.


LaTeX Warning: Label `classodes_1_1fortranVector_a7f11009e278203c327c93d68e8611
7c9' multiply defined.


LaTeX Warning: Label `classodes_1_1fortranVector_ace9b5d1e721b6f82ed09035018155
7b6' multiply defined.


LaTeX Warning: Label `classodes_1_1fortranVector_a4734531bec0ccbaf24f22c1296958
0db' multiply defined.


LaTeX Warning: Label `classodes_1_1fortranVector_aa92f26c38f887fca314d4e031b5eb
e29' multiply defined.


LaTeX Warning: Label `classodes_1_1Matrices_aa1313b5ab7fdab6f5320c8d5aa3bfc24' 
multiply defined.


LaTeX Warning: Label `structcompat_afed990d40241e2a95d09e2ac8ac20cb4' multiply 
defined.


LaTeX Warning: Label `classodes_1_1Matrices_a9f497885fb6dd9bb22179fab49d9b587' 
multiply defined.


LaTeX Warning: Label `classodes_1_1Matrices_a8dc1bc6d92d06af08d4bf8fb2b357a7d' 
multiply defined.


LaTeX Warning: Label `classodes_1_1Matrices_a9eb26d713d3e391f60d83798337d87a6' 
multiply defined.


LaTeX Warning: Label `classodes_1_1Matrices_a589402cfa0e11666cd152a06e048c6f7' 
multiply defined.


LaTeX Warning: Label `classodes_1_1Matrices_abce8558c305de75740568ec55e49338e' 
multiply defined.


LaTeX Warning: Label `classodes_1_1Matrices_ace113b7bfa2377d513c2faaf645aecaa' 
multiply defined.


LaTeX Warning: Label `classodes_1_1Matrices_a82e935680c27f58bcff8a559700411c6' 
multiply defined.

)
\openout1 = `refman.aux'.

LaTeX Font Info:    Checking defaults for OML/cmm/m/it on input line 111.
LaTeX Font Info:    ... okay on input line 111.
LaTeX Font Info:    Checking defaults for T1/cmr/m/n on input line 111.
LaTeX Font Info:    ... okay on input line 111.
LaTeX Font Info:    Checking defaults for OT1/cmr/m/n on input line 111.
LaTeX Font Info:    ... okay on input line 111.
LaTeX Font Info:    Checking defaults for OMS/cmsy/m/n on input line 111.
LaTeX Font Info:    ... okay on input line 111.
LaTeX Font Info:    Checking defaults for OMX/cmex/m/n on input line 111.
LaTeX Font Info:    ... okay on input line 111.
LaTeX Font Info:    Checking defaults for U/cmr/m/n on input line 111.
LaTeX Font Info:    ... okay on input line 111.
LaTeX Font Info:    Checking defaults for TS1/cmr/m/n on input line 111.
LaTeX Font Info:    Try loading font information for TS1+cmr on input line 111.

 (/usr/share/texmf-texlive/tex/latex/base/ts1cmr.fd
File: ts1cmr.fd 1999/05/25 v2.5h Standard LaTeX font definitions
)
LaTeX Font Info:    ... okay on input line 111.
LaTeX Font Info:    Checking defaults for PD1/pdf/m/n on input line 111.
LaTeX Font Info:    ... okay on input line 111.
LaTeX Font Info:    Checking defaults for PU/pdf/m/n on input line 111.
LaTeX Font Info:    ... okay on input line 111.
LaTeX Font Info:    Try loading font information for T1+phv on input line 111.

(/usr/share/texmf-texlive/tex/latex/psnfss/t1phv.fd
File: t1phv.fd 2001/06/04 scalable font definitions for T1/phv.
)
LaTeX Font Info:    Font shape `T1/phv/m/n' will be
(Font)              scaled to size 8.99994pt on input line 111.

(/usr/share/texmf-texlive/tex/context/base/supp-pdf.mkii
[Loading MPS to PDF converter (version 2006.09.02).]
\scratchcounter=\count122
\scratchdimen=\dimen140
\scratchbox=\box56
\nofMPsegments=\count123
\nofMParguments=\count124
\everyMPshowfont=\toks26
\MPscratchCnt=\count125
\MPscratchDim=\dimen141
\MPnumerator=\count126
\everyMPtoPDFconversion=\toks27
)
\big@size=\dimen142

*geometry auto-detecting driver*
*geometry detected driver: pdftex*
-------------------- Geometry parameters
paper: a4paper
landscape: --
twocolumn: --
twoside: true
asymmetric: --
h-parts: 71.13188pt, 455.24411pt, 71.13188pt
v-parts: 71.13188pt, 702.78308pt, 71.13188pt
hmarginratio: --
vmarginratio: --
lines: --
heightrounded: --
bindingoffset: 0.0pt
truedimen: --
includehead: --
includefoot: --
includemp: --
driver: pdftex
-------------------- Page layout dimensions and switches
\paperwidth  597.50787pt
\paperheight 845.04684pt
\textwidth  455.24411pt
\textheight 702.78308pt
\oddsidemargin  -1.1381pt
\evensidemargin -1.1381pt
\topmargin  -31.2056pt
\headheight 12.0pt
\headsep    18.06749pt
\footskip   25.29494pt
\marginparwidth 125.0pt
\marginparsep   7.0pt
\columnsep  10.0pt
\skip\footins  9.0pt plus 4.0pt minus 2.0pt
\hoffset 0.0pt
\voffset 0.0pt
\mag 1000
\@twosidetrue \@mparswitchtrue 
(1in=72.27pt, 1cm=28.45pt)
-----------------------
Package hyperref Info: Link coloring ON on input line 111.
(/usr/share/texmf-texlive/tex/latex/hyperref/nameref.sty
Package: nameref 2007/05/29 v2.31 Cross-referencing by name of section

(/usr/share/texmf-texlive/tex/latex/oberdiek/refcount.sty
Package: refcount 2008/08/11 v3.1 Data extraction from references (HO)
)
\c@section@level=\count127
)
LaTeX Info: Redefining \ref on input line 111.
LaTeX Info: Redefining \pageref on input line 111.
 (./refman.out)
(./refman.out)
\@outlinefile=\write4
\openout4 = `refman.out'.

Package backref Info: ** backref set up for natbib ** on input line 111.
\AtBeginShipoutBox=\box57
Package hyperref Info: Option `pageanchor' set `false' on input line 114.
LaTeX Font Info:    Font shape `T1/phv/m/n' will be
(Font)              scaled to size 12.9599pt on input line 119.
LaTeX Font Info:    Font shape `T1/phv/m/n' will be
(Font)              scaled to size 10.79993pt on input line 119.
LaTeX Font Info:    Font shape `T1/phv/m/n' will be
(Font)              scaled to size 8.09995pt on input line 123.
 [1


{/var/lib/texmf/fonts/map/pdftex/updmap/pdftex.map}] [2

]
LaTeX Font Info:    Font shape `T1/phv/m/n' will be
(Font)              scaled to size 22.39185pt on input line 127.
LaTeX Font Info:    Font shape `T1/phv/bx/n' in size <24.88> not available
(Font)              Font shape `T1/phv/b/n' tried instead on input line 127.
LaTeX Font Info:    Font shape `T1/phv/b/n' will be
(Font)              scaled to size 22.39185pt on input line 127.
LaTeX Font Info:    Font shape `T1/phv/bc/n' will be
(Font)              scaled to size 22.39185pt on input line 127.

(./refman.toc
LaTeX Font Info:    Font shape `T1/phv/bx/n' in size <10> not available
(Font)              Font shape `T1/phv/b/n' tried instead on input line 1.
LaTeX Font Info:    Font shape `T1/phv/b/n' will be
(Font)              scaled to size 8.99994pt on input line 1.
LaTeX Font Info:    Try loading font information for OT1+ztmcm on input line 1.

 (/usr/share/texmf-texlive/tex/latex/psnfss/ot1ztmcm.fd
File: ot1ztmcm.fd 2000/01/03 Fontinst v1.801 font definitions for OT1/ztmcm.
)
LaTeX Font Info:    Try loading font information for OML+ztmcm on input line 1.


(/usr/share/texmf-texlive/tex/latex/psnfss/omlztmcm.fd
File: omlztmcm.fd 2000/01/03 Fontinst v1.801 font definitions for OML/ztmcm.
)
LaTeX Font Info:    Try loading font information for OMS+ztmcm on input line 1.


(/usr/share/texmf-texlive/tex/latex/psnfss/omsztmcm.fd
File: omsztmcm.fd 2000/01/03 Fontinst v1.801 font definitions for OMS/ztmcm.
)
LaTeX Font Info:    Try loading font information for OMX+ztmcm on input line 1.


(/usr/share/texmf-texlive/tex/latex/psnfss/omxztmcm.fd
File: omxztmcm.fd 2000/01/03 Fontinst v1.801 font definitions for OMX/ztmcm.
)
LaTeX Font Info:    Try loading font information for OT1+ptm on input line 1.

(/usr/share/texmf-texlive/tex/latex/psnfss/ot1ptm.fd
File: ot1ptm.fd 2001/06/04 font definitions for OT1/ptm.
)
LaTeX Font Info:    Font shape `OT1/ptm/bx/n' in size <10> not available
(Font)              Font shape `OT1/ptm/b/n' tried instead on input line 1.
LaTeX Font Info:    Font shape `OT1/ptm/bx/n' in size <7.4> not available
(Font)              Font shape `OT1/ptm/b/n' tried instead on input line 1.
LaTeX Font Info:    Font shape `OT1/ptm/bx/n' in size <6> not available
(Font)              Font shape `OT1/ptm/b/n' tried instead on input line 1.
 [3

]
LaTeX Font Info:    Font shape `T1/phv/bx/n' in size <7> not available
(Font)              Font shape `T1/phv/b/n' tried instead on input line 69.
LaTeX Font Info:    Font shape `T1/phv/b/n' will be
(Font)              scaled to size 6.29996pt on input line 69.
 [4] [5] [6] [7]
[8] [9] [10] [11] [12] [13] [14])
\tf@toc=\write5
\openout5 = `refman.toc'.

 [15] [16

]
Package hyperref Info: Option `pageanchor' set `true' on input line 130.

Chapter 1.
LaTeX Font Info:    Font shape `T1/phv/m/n' will be
(Font)              scaled to size 18.66588pt on input line 133.
LaTeX Font Info:    Font shape `T1/phv/bx/n' in size <20.74> not available
(Font)              Font shape `T1/phv/b/n' tried instead on input line 133.
LaTeX Font Info:    Font shape `T1/phv/b/n' will be
(Font)              scaled to size 18.66588pt on input line 133.
LaTeX Font Info:    Font shape `T1/phv/bc/n' will be
(Font)              scaled to size 18.66588pt on input line 133.
(./index.tex
LaTeX Font Info:    Font shape `T1/phv/bx/n' in size <14.4> not available
(Font)              Font shape `T1/phv/b/n' tried instead on input line 1.
LaTeX Font Info:    Font shape `T1/phv/b/n' will be
(Font)              scaled to size 12.9599pt on input line 1.
LaTeX Font Info:    Font shape `T1/phv/bc/n' will be
(Font)              scaled to size 12.9599pt on input line 1.
LaTeX Font Info:    Font shape `T1/phv/bx/n' in size <12> not available
(Font)              Font shape `T1/phv/b/n' tried instead on input line 45.
LaTeX Font Info:    Font shape `T1/phv/b/n' will be
(Font)              scaled to size 10.79993pt on input line 45.
LaTeX Font Info:    Font shape `T1/phv/bc/n' will be
(Font)              scaled to size 10.79993pt on input line 45.
 [1

]
LaTeX Font Info:    Font shape `T1/phv/bc/n' will be
(Font)              scaled to size 8.99994pt on input line 56.
) [2]
Chapter 2.
(./namespaces.tex) [3

] [4

]
Chapter 3.
(./hierarchy.tex) [5] [6

]
Chapter 4.
(./annotated.tex) [7] [8

]
Chapter 5.
(./files.tex) [9] [10

]
Chapter 6.
(./namespaceodes.tex
LaTeX Font Info:    Try loading font information for TS1+phv on input line 12.
 (/usr/share/texmf-texlive/tex/latex/psnfss/ts1phv.fd
File: ts1phv.fd 2001/06/04 scalable font definitions for TS1/phv.
)
LaTeX Font Info:    Font shape `TS1/phv/m/n' will be
(Font)              scaled to size 8.99994pt on input line 12.
LaTeX Font Info:    Font shape `T1/phv/m/it' in size <9> not available
(Font)              Font shape `T1/phv/m/sl' tried instead on input line 13.
LaTeX Font Info:    Font shape `T1/phv/m/sl' will be
(Font)              scaled to size 8.09995pt on input line 13.

[11]
Underfull \hbox (badness 10000) detected at line 93
[][][]
 []

LaTeX Font Info:    Font shape `T1/phv/bx/it' in size <10> not available
(Font)              Font shape `T1/phv/b/it' tried instead on input line 97.
LaTeX Font Info:    Font shape `T1/phv/b/it' in size <10> not available
(Font)              Font shape `T1/phv/b/sl' tried instead on input line 97.
LaTeX Font Info:    Font shape `T1/phv/b/sl' will be
(Font)              scaled to size 8.99994pt on input line 97.
LaTeX Font Info:    Font shape `T1/phv/bc/it' in size <10> not available
(Font)              Font shape `T1/phv/bc/sl' tried instead on input line 125.
LaTeX Font Info:    Font shape `T1/phv/bc/sl' will be
(Font)              scaled to size 8.99994pt on input line 125.
[12]) [13] [14

]
Chapter 7.
(./structcompat.tex
LaTeX Font Info:    Font shape `OT1/ptm/bx/n' in size <14.4> not available
(Font)              Font shape `OT1/ptm/b/n' tried instead on input line 3.
LaTeX Font Info:    Font shape `OT1/ptm/bx/n' in size <10.95> not available
(Font)              Font shape `OT1/ptm/b/n' tried instead on input line 3.
LaTeX Font Info:    Font shape `OT1/ptm/bx/n' in size <8> not available
(Font)              Font shape `OT1/ptm/b/n' tried instead on input line 3.


Package hyperref Warning: Token not allowed in a PDF string (Unicode):
(hyperref)                removing `math shift' on input line 3.


Package hyperref Warning: Token not allowed in a PDF string (Unicode):
(hyperref)                removing `math shift' on input line 3.


Package hyperref Warning: Token not allowed in a PDF string (Unicode):
(hyperref)                removing `math shift' on input line 3.


Package hyperref Warning: Token not allowed in a PDF string (Unicode):
(hyperref)                removing `math shift' on input line 3.

LaTeX Font Info:    Try loading font information for T1+pcr on input line 6.
(/usr/share/texmf-texlive/tex/latex/psnfss/t1pcr.fd
File: t1pcr.fd 2001/06/04 font definitions for T1/pcr.
))
(./structodes_1_1logger_1_1event.tex

LaTeX Font Warning: Font shape `T1/pcr/bc/it' undefined
(Font)              using `T1/pcr/m/n' instead on input line 32.


LaTeX Font Warning: Font shape `T1/pcr/bc/n' undefined
(Font)              using `T1/pcr/m/n' instead on input line 32.

[15]) (./classodes_1_1fortranArray.tex

Package hyperref Warning: Token not allowed in a PDF string (Unicode):
(hyperref)                removing `math shift' on input line 3.


Package hyperref Warning: Token not allowed in a PDF string (Unicode):
(hyperref)                removing `math shift' on input line 3.


Package hyperref Warning: Token not allowed in a PDF string (Unicode):
(hyperref)                removing `math shift' on input line 3.


Package hyperref Warning: Token not allowed in a PDF string (Unicode):
(hyperref)                removing `math shift' on input line 3.

[16]

Package hyperref Warning: Token not allowed in a PDF string (Unicode):
(hyperref)                removing `math shift' on input line 82.


Package hyperref Warning: Token not allowed in a PDF string (Unicode):
(hyperref)                removing `\sim' on input line 82.


Package hyperref Warning: Token not allowed in a PDF string (Unicode):
(hyperref)                removing `math shift' on input line 82.

LaTeX Font Info:    Font shape `T1/phv/m/it' in size <10> not available
(Font)              Font shape `T1/phv/m/sl' tried instead on input line 99.
LaTeX Font Info:    Font shape `T1/phv/m/sl' will be
(Font)              scaled to size 8.99994pt on input line 99.

Underfull \hbox (badness 10000) detected at line 140
[][][]
 []

[17] [18]
Underfull \hbox (badness 10000) detected at line 158
[][][]
 []

) (./classodes_1_1fortranComplexArray.tex

Package hyperref Warning: Token not allowed in a PDF string (Unicode):
(hyperref)                removing `math shift' on input line 3.


Package hyperref Warning: Token not allowed in a PDF string (Unicode):
(hyperref)                removing `math shift' on input line 3.


Package hyperref Warning: Token not allowed in a PDF string (Unicode):
(hyperref)                removing `math shift' on input line 3.


Package hyperref Warning: Token not allowed in a PDF string (Unicode):
(hyperref)                removing `math shift' on input line 3.

[19]

Package hyperref Warning: Token not allowed in a PDF string (Unicode):
(hyperref)                removing `math shift' on input line 69.


Package hyperref Warning: Token not allowed in a PDF string (Unicode):
(hyperref)                removing `\sim' on input line 69.


Package hyperref Warning: Token not allowed in a PDF string (Unicode):
(hyperref)                removing `math shift' on input line 69.


Underfull \hbox (badness 10000) detected at line 92
[][][]
 []


Underfull \hbox (badness 10000) detected at line 132
[][][]
 []

[20]) (./classodes_1_1fortranRectangularArray.tex

Package hyperref Warning: Token not allowed in a PDF string (Unicode):
(hyperref)                removing `math shift' on input line 3.


Package hyperref Warning: Token not allowed in a PDF string (Unicode):
(hyperref)                removing `math shift' on input line 3.


Package hyperref Warning: Token not allowed in a PDF string (Unicode):
(hyperref)                removing `math shift' on input line 3.


Package hyperref Warning: Token not allowed in a PDF string (Unicode):
(hyperref)                removing `math shift' on input line 3.

[21]

Package hyperref Warning: Token not allowed in a PDF string (Unicode):
(hyperref)                removing `math shift' on input line 77.


Package hyperref Warning: Token not allowed in a PDF string (Unicode):
(hyperref)                removing `\sim' on input line 77.


Package hyperref Warning: Token not allowed in a PDF string (Unicode):
(hyperref)                removing `math shift' on input line 77.

[22]
Underfull \hbox (badness 10000) detected at line 135
[][][]
 []


Underfull \hbox (badness 10000) detected at line 153
[][][]
 []

) (./classodes_1_1fortranRectangularComplexArray.tex

Package hyperref Warning: Token not allowed in a PDF string (Unicode):
(hyperref)                removing `math shift' on input line 3.


Package hyperref Warning: Token not allowed in a PDF string (Unicode):
(hyperref)                removing `math shift' on input line 3.


Package hyperref Warning: Token not allowed in a PDF string (Unicode):
(hyperref)                removing `math shift' on input line 3.


Package hyperref Warning: Token not allowed in a PDF string (Unicode):
(hyperref)                removing `math shift' on input line 3.

[23]

Package hyperref Warning: Token not allowed in a PDF string (Unicode):
(hyperref)                removing `math shift' on input line 75.


Package hyperref Warning: Token not allowed in a PDF string (Unicode):
(hyperref)                removing `\sim' on input line 75.


Package hyperref Warning: Token not allowed in a PDF string (Unicode):
(hyperref)                removing `math shift' on input line 75.

[24]
Underfull \hbox (badness 10000) detected at line 98
[][][]
 []


Underfull \hbox (badness 10000) detected at line 138
[][][]
 []

[25]) (./classodes_1_1fortranVector.tex
LaTeX Font Info:    Font shape `T1/phv/m/n' will be
(Font)              scaled to size 7.19995pt on input line 52.
LaTeX Font Info:    Font shape `OT1/ptm/bx/n' in size <5> not available
(Font)              Font shape `OT1/ptm/b/n' tried instead on input line 52.
 [26]
Underfull \hbox (badness 10000) detected at line 71
[][][]
 []


Underfull \hbox (badness 10000) detected at line 101
[][][]
 []


Package hyperref Warning: Token not allowed in a PDF string (Unicode):
(hyperref)                removing `math shift' on input line 110.


Package hyperref Warning: Token not allowed in a PDF string (Unicode):
(hyperref)                removing `\sim' on input line 110.


Package hyperref Warning: Token not allowed in a PDF string (Unicode):
(hyperref)                removing `math shift' on input line 110.

[27]
Underfull \hbox (badness 10000) detected at line 164
[][][]
 []


Underfull \hbox (badness 10000) detected at line 191
[][][]
 []

[28]) (./classodes_1_1fortranVectorF.tex

Package hyperref Warning: Token not allowed in a PDF string (Unicode):
(hyperref)                removing `math shift' on input line 3.


Package hyperref Warning: Token not allowed in a PDF string (Unicode):
(hyperref)                removing `math shift' on input line 3.


Package hyperref Warning: Token not allowed in a PDF string (Unicode):
(hyperref)                removing `math shift' on input line 3.


Package hyperref Warning: Token not allowed in a PDF string (Unicode):
(hyperref)                removing `math shift' on input line 3.

[29]

Package hyperref Warning: Token not allowed in a PDF string (Unicode):
(hyperref)                removing `math shift' on input line 111.


Package hyperref Warning: Token not allowed in a PDF string (Unicode):
(hyperref)                removing `\sim' on input line 111.


Package hyperref Warning: Token not allowed in a PDF string (Unicode):
(hyperref)                removing `math shift' on input line 111.

[30]pdfTeX warning (ext4): destination with the same identifier (name{classodes
_1_1fortranVector_a0a9a82f6efc0a9e5ea40dc240eebc800}) has been already used, du
plicate ignored
<to be read again> 
                   \relax 
l.158 ...mily [inline]}, {\ttfamily [inherited]}}}
                                                  \label{classodes_1_1fortra...
[31]pdfTeX warning (ext4): destination with the same identifier (name{classodes
_1_1fortranVector_ada6f1dfa695ada960f621d9728e0f8e0}) has been already used, du
plicate ignored
<to be read again> 
                   \relax 
l.289 ...mily [inline]}, {\ttfamily [inherited]}}}
                                                  \label{classodes_1_1fortra...
pdfTeX warning (ext4): destination with the same identifier (name{classodes_1_1
fortranVector_acd2f3c622c5c901e0a2fcefc445fb74c}) has been already used, duplic
ate ignored
<to be read again> 
                   \relax 
l.300 ...mily [inline]}, {\ttfamily [inherited]}}}
                                                  \label{classodes_1_1fortra...
pdfTeX warning (ext4): destination with the same identifier (name{classodes_1_1
fortranVector_a9177196a3ec94139a163e7fa8b19b92b}) has been already used, duplic
ate ignored
<to be read again> 
                   \relax 
l.312 ...mily [inline]}, {\ttfamily [inherited]}}}
                                                  \label{classodes_1_1fortra...

Underfull \hbox (badness 10000) detected at line 318
[][][]
 []

pdfTeX warning (ext4): destination with the same identifier (name{classodes_1_1
fortranVector_ae522acf0f26411ce0ee14c77cddd7bfa}) has been already used, duplic
ate ignored
<to be read again> 
                   \relax 
l.327 ...mily [inline]}, {\ttfamily [inherited]}}}
                                                  \label{classodes_1_1fortra...
[32]
Underfull \hbox (badness 10000) detected at line 369
[][][]
 []

[33]
Underfull \hbox (badness 10000) detected at line 407
[][][]
 []

pdfTeX warning (ext4): destination with the same identifier (name{classodes_1_1
fortranVector_a7f11009e278203c327c93d68e86117c9}) has been already used, duplic
ate ignored
<to be read again> 
                   \relax 
l.416 ...mily [inline]}, {\ttfamily [inherited]}}}
                                                  \label{classodes_1_1fortra...

Underfull \hbox (badness 10000) detected at line 432
[][][]
 []

[34]pdfTeX warning (ext4): destination with the same identifier (name{classodes
_1_1fortranVector_ace9b5d1e721b6f82ed090350181557b6}) has been already used, du
plicate ignored
<to be read again> 
                   \relax 
l.572 ...y [protected]}, {\ttfamily [inherited]}}}
                                                  \label{classodes_1_1fortra...
pdfTeX warning (ext4): destination with the same identifier (name{classodes_1_1
fortranVector_a4734531bec0ccbaf24f22c12969580db}) has been already used, duplic
ate ignored
<to be read again> 
                   \relax 
l.575 ...y [protected]}, {\ttfamily [inherited]}}}
                                                  \label{classodes_1_1fortra...
[35]pdfTeX warning (ext4): destination with the same identifier (name{classodes
_1_1fortranVector_aa92f26c38f887fca314d4e031b5ebe29}) has been already used, du
plicate ignored
<to be read again> 
                   \relax 
l.578 ...y [protected]}, {\ttfamily [inherited]}}}
                                                  \label{classodes_1_1fortra...
) (./classGenericException.tex [36] [37]) (./classodes_1_1logger.tex

Package hyperref Warning: Token not allowed in a PDF string (Unicode):
(hyperref)                removing `math shift' on input line 61.


Package hyperref Warning: Token not allowed in a PDF string (Unicode):
(hyperref)                removing `\sim' on input line 61.


Package hyperref Warning: Token not allowed in a PDF string (Unicode):
(hyperref)                removing `math shift' on input line 61.

[38]) (./classodes_1_1Matrices.tex

Package hyperref Warning: Token not allowed in a PDF string (Unicode):
(hyperref)                removing `math shift' on input line 3.


Package hyperref Warning: Token not allowed in a PDF string (Unicode):
(hyperref)                removing `math shift' on input line 3.


Package hyperref Warning: Token not allowed in a PDF string (Unicode):
(hyperref)                removing `math shift' on input line 3.


Package hyperref Warning: Token not allowed in a PDF string (Unicode):
(hyperref)                removing `math shift' on input line 3.

[39] [40] [41])
(./classodes_1_1Matrices_3_01false_00_01false_00_01n_00_01nsub_00_01nsup_01_4.t
ex

Package hyperref Warning: Token not allowed in a PDF string (Unicode):
(hyperref)                removing `math shift' on input line 3.


Package hyperref Warning: Token not allowed in a PDF string (Unicode):
(hyperref)                removing `math shift' on input line 3.


Package hyperref Warning: Token not allowed in a PDF string (Unicode):
(hyperref)                removing `math shift' on input line 3.


Package hyperref Warning: Token not allowed in a PDF string (Unicode):
(hyperref)                removing `math shift' on input line 3.

[42] [43])
(./classodes_1_1Matrices_3_01false_00_01true_00_01n_00_01nsub_00_01nsup_01_4.te
x

Package hyperref Warning: Token not allowed in a PDF string (Unicode):
(hyperref)                removing `math shift' on input line 3.


Package hyperref Warning: Token not allowed in a PDF string (Unicode):
(hyperref)                removing `math shift' on input line 3.


Package hyperref Warning: Token not allowed in a PDF string (Unicode):
(hyperref)                removing `math shift' on input line 3.


Package hyperref Warning: Token not allowed in a PDF string (Unicode):
(hyperref)                removing `math shift' on input line 3.

[44] [45])
(./classodes_1_1Matrices_3_01true_00_01true_00_01n_00_01nsub_00_01nsup_01_4.tex

Package hyperref Warning: Token not allowed in a PDF string (Unicode):
(hyperref)                removing `math shift' on input line 3.


Package hyperref Warning: Token not allowed in a PDF string (Unicode):
(hyperref)                removing `math shift' on input line 3.


Package hyperref Warning: Token not allowed in a PDF string (Unicode):
(hyperref)                removing `math shift' on input line 3.


Package hyperref Warning: Token not allowed in a PDF string (Unicode):
(hyperref)                removing `math shift' on input line 3.

[46]

Package hyperref Warning: Token not allowed in a PDF string (Unicode):
(hyperref)                removing `math shift' on input line 105.


Package hyperref Warning: Token not allowed in a PDF string (Unicode):
(hyperref)                removing `\sim' on input line 105.


Package hyperref Warning: Token not allowed in a PDF string (Unicode):
(hyperref)                removing `math shift' on input line 105.

[47]) (./structodes_1_1Matrixtype.tex

Package hyperref Warning: Token not allowed in a PDF string (Unicode):
(hyperref)                removing `math shift' on input line 3.


Package hyperref Warning: Token not allowed in a PDF string (Unicode):
(hyperref)                removing `math shift' on input line 3.


Package hyperref Warning: Token not allowed in a PDF string (Unicode):
(hyperref)                removing `math shift' on input line 3.


Package hyperref Warning: Token not allowed in a PDF string (Unicode):
(hyperref)                removing `math shift' on input line 3.

[48]) (./classodes_1_1Radau5cc.tex

Package hyperref Warning: Token not allowed in a PDF string (Unicode):
(hyperref)                removing `math shift' on input line 3.


Package hyperref Warning: Token not allowed in a PDF string (Unicode):
(hyperref)                removing `math shift' on input line 3.


Package hyperref Warning: Token not allowed in a PDF string (Unicode):
(hyperref)                removing `math shift' on input line 3.


Package hyperref Warning: Token not allowed in a PDF string (Unicode):
(hyperref)                removing `math shift' on input line 3.

[49] [50] [51]pdfTeX warning (ext4): destination with the same identifier (name
{classodes_1_1Matrices_aa1313b5ab7fdab6f5320c8d5aa3bfc24}) has been already use
d, duplicate ignored
<to be read again> 
                   \relax 
l.333 ...x}\hspace{0.3cm}{\ttfamily [inherited]}}}
                                                  \label{classodes_1_1Matric...
[52]
Underfull \hbox (badness 10000) detected at line 344
[][][]
 []


Underfull \hbox (badness 10000) detected at line 375
[][][]
 []


Package hyperref Warning: Token not allowed in a PDF string (Unicode):
(hyperref)                removing `math shift' on input line 384.


Package hyperref Warning: Token not allowed in a PDF string (Unicode):
(hyperref)                removing `\sim' on input line 384.


Package hyperref Warning: Token not allowed in a PDF string (Unicode):
(hyperref)                removing `math shift' on input line 384.

pdfTeX warning (ext4): destination with the same identifier (name{structcompat_
afed990d40241e2a95d09e2ac8ac20cb4}) has been already used, duplicate ignored
<to be read again> 
                   \relax 
l.398 )\hspace{0.3cm}{\ttfamily [inherited]}}}
                                              \label{structcompat_afed990d40...
pdfTeX warning (ext4): destination with the same identifier (name{classodes_1_1
Matrices_a9f497885fb6dd9bb22179fab49d9b587}) has been already used, duplicate i
gnored
<to be read again> 
                   \relax 
l.407 ...y [protected]}, {\ttfamily [inherited]}}}
                                                  \label{classodes_1_1Matric...
[53]pdfTeX warning (ext4): destination with the same identifier (name{classodes
_1_1Matrices_a8dc1bc6d92d06af08d4bf8fb2b357a7d}) has been already used, duplica
te ignored
<to be read again> 
                   \relax 
l.426 ...y [protected]}, {\ttfamily [inherited]}}}
                                                  \label{classodes_1_1Matric...
[54]
Underfull \hbox (badness 10000) detected at line 539
[][][]
 []

pdfTeX warning (ext4): destination with the same identifier (name{classodes_1_1
Matrices_a9eb26d713d3e391f60d83798337d87a6}) has been already used, duplicate i
gnored
<to be read again> 
                   \relax 
l.581 ...y [protected]}, {\ttfamily [inherited]}}}
                                                  \label{classodes_1_1Matric...
pdfTeX warning (ext4): destination with the same identifier (name{classodes_1_1
Matrices_a589402cfa0e11666cd152a06e048c6f7}) has been already used, duplicate i
gnored
<to be read again> 
                   \relax 
l.592 ...y [protected]}, {\ttfamily [inherited]}}}
                                                  \label{classodes_1_1Matric...
[55]
Underfull \hbox (badness 10000) detected at line 641
[][][]
 []


Underfull \hbox (badness 10000) detected at line 651
[][][]
 []


Underfull \hbox (badness 10000) detected at line 687
[][][]
 []

[56] [57]
Underfull \hbox (badness 10000) detected at line 716
[][][]
 []


Underfull \hbox (badness 10000) detected at line 758
[][][]
 []

[58]pdfTeX warning (ext4): destination with the same identifier (name{classodes
_1_1Matrices_abce8558c305de75740568ec55e49338e}) has been already used, duplica
te ignored
<to be read again> 
                   \relax 
l.836 ...y [protected]}, {\ttfamily [inherited]}}}
                                                  \label{classodes_1_1Matric...
pdfTeX warning (ext4): destination with the same identifier (name{classodes_1_1
Matrices_ace113b7bfa2377d513c2faaf645aecaa}) has been already used, duplicate i
gnored
<to be read again> 
                   \relax 
l.855 ...y [protected]}, {\ttfamily [inherited]}}}
                                                  \label{classodes_1_1Matric...
[59]pdfTeX warning (ext4): destination with the same identifier (name{classodes
_1_1Matrices_a82e935680c27f58bcff8a559700411c6}) has been already used, duplica
te ignored
<to be read again> 
                   \relax 
l.892 ...y [protected]}, {\ttfamily [inherited]}}}
                                                  \label{classodes_1_1Matric...
LaTeX Font Info:    Font shape `T1/phv/m/n' will be
(Font)              scaled to size 6.29996pt on input line 906.
[60] [61] [62]) [63] [64

]
Chapter 8.
(./AllocateDestroyVector_8hpp.tex

pdfTeX warning: pdflatex (file ./AllocateDestroyVector_8hpp__incl.pdf): PDF inc
lusion: found PDF version <1.5>, but at most version <1.4> allowed
<AllocateDestroyVector_8hpp__incl.pdf, id=3846, 246.9225pt x 178.6675pt>
File: AllocateDestroyVector_8hpp__incl.pdf Graphic file (type pdf)

<use AllocateDestroyVector_8hpp__incl.pdf>

pdfTeX warning: pdflatex (file ./AllocateDestroyVector_8hpp__dep__incl.pdf): PD
F inclusion: found PDF version <1.5>, but at most version <1.4> allowed
<AllocateDestroyVector_8hpp__dep__incl.pdf, id=3848, 962.59625pt x 433.62pt>
File: AllocateDestroyVector_8hpp__dep__incl.pdf Graphic file (type pdf)

<use AllocateDestroyVector_8hpp__dep__incl.pdf> [65 <./AllocateDestroyVector_8h
pp__incl.pdf> <./AllocateDestroyVector_8hpp__dep__incl.pdf>])
(./compat_8hpp.tex

pdfTeX warning: pdflatex (file ./compat_8hpp__dep__incl.pdf): PDF inclusion: fo
und PDF version <1.5>, but at most version <1.4> allowed
<compat_8hpp__dep__incl.pdf, id=3873, 252.945pt x 164.615pt>
File: compat_8hpp__dep__incl.pdf Graphic file (type pdf)

<use compat_8hpp__dep__incl.pdf> [66 <./compat_8hpp__dep__incl.pdf>])
(./fortranArray_8hpp.tex

pdfTeX warning: pdflatex (file ./fortranArray_8hpp__incl.pdf): PDF inclusion: f
ound PDF version <1.5>, but at most version <1.4> allowed
<fortranArray_8hpp__incl.pdf, id=3903, 572.1375pt x 285.065pt>
File: fortranArray_8hpp__incl.pdf Graphic file (type pdf)

<use fortranArray_8hpp__incl.pdf>

pdfTeX warning: pdflatex (file ./fortranArray_8hpp__dep__incl.pdf): PDF inclusi
on: found PDF version <1.5>, but at most version <1.4> allowed
<fortranArray_8hpp__dep__incl.pdf, id=3905, 911.405pt x 359.3425pt>
File: fortranArray_8hpp__dep__incl.pdf Graphic file (type pdf)

<use fortranArray_8hpp__dep__incl.pdf> [67 <./fortranArray_8hpp__incl.pdf> <./f
ortranArray_8hpp__dep__incl.pdf>]) (./fortranComplexArray_8hpp.tex

pdfTeX warning: pdflatex (file ./fortranComplexArray_8hpp__incl.pdf): PDF inclu
sion: found PDF version <1.5>, but at most version <1.4> allowed
<fortranComplexArray_8hpp__incl.pdf, id=3930, 540.0175pt x 359.3425pt>
File: fortranComplexArray_8hpp__incl.pdf Graphic file (type pdf)

<use fortranComplexArray_8hpp__incl.pdf>

pdfTeX warning: pdflatex (file ./fortranComplexArray_8hpp__dep__incl.pdf): PDF 
inclusion: found PDF version <1.5>, but at most version <1.4> allowed
<fortranComplexArray_8hpp__dep__incl.pdf, id=3932, 433.62pt x 238.8925pt>
File: fortranComplexArray_8hpp__dep__incl.pdf Graphic file (type pdf)

<use fortranComplexArray_8hpp__dep__incl.pdf> [68 <./fortranComplexArray_8hpp__
incl.pdf> <./fortranComplexArray_8hpp__dep__incl.pdf>])
(./fortranRectangularArray_8hpp.tex

pdfTeX warning: pdflatex (file ./fortranRectangularArray_8hpp__incl.pdf): PDF i
nclusion: found PDF version <1.5>, but at most version <1.4> allowed
<fortranRectangularArray_8hpp__incl.pdf, id=3957, 545.03625pt x 359.3425pt>
File: fortranRectangularArray_8hpp__incl.pdf Graphic file (type pdf)

<use fortranRectangularArray_8hpp__incl.pdf>

pdfTeX warning: pdflatex (file ./fortranRectangularArray_8hpp__dep__incl.pdf): 
PDF inclusion: found PDF version <1.5>, but at most version <1.4> allowed
<fortranRectangularArray_8hpp__dep__incl.pdf, id=3959, 433.62pt x 238.8925pt>
File: fortranRectangularArray_8hpp__dep__incl.pdf Graphic file (type pdf)

<use fortranRectangularArray_8hpp__dep__incl.pdf>
Underfull \vbox (badness 10000) has occurred while \output is active []

 [69 <./fortranRectangularArray_8hpp__incl.pdf>])
(./fortranRectangularComplexArray_8hpp.tex

pdfTeX warning: pdflatex (file ./fortranRectangularComplexArray_8hpp__incl.pdf)
: PDF inclusion: found PDF version <1.5>, but at most version <1.4> allowed

<fortranRectangularComplexArray_8hpp__incl.pdf, id=3980, 540.0175pt x 359.3425p
t>
File: fortranRectangularComplexArray_8hpp__incl.pdf Graphic file (type pdf)
 <use fortranRectangularComplexArray_8hpp__incl.pdf> [70 <./fortranRectangularA
rray_8hpp__dep__incl.pdf>]

pdfTeX warning: pdflatex (file ./fortranRectangularComplexArray_8hpp__dep__incl
.pdf): PDF inclusion: found PDF version <1.5>, but at most version <1.4> allowe
d

<fortranRectangularComplexArray_8hpp__dep__incl.pdf, id=3999, 433.62pt x 238.89
25pt>
File: fortranRectangularComplexArray_8hpp__dep__incl.pdf Graphic file (type pdf
)
 <use fortranRectangularComplexArray_8hpp__dep__incl.pdf> [71 <./fortranRectang
ularComplexArray_8hpp__incl.pdf> <./fortranRectangularComplexArray_8hpp__dep__i
ncl.pdf>]) (./fortranVector_8hpp.tex

pdfTeX warning: pdflatex (file ./fortranVector_8hpp__incl.pdf): PDF inclusion: 
found PDF version <1.5>, but at most version <1.4> allowed
<fortranVector_8hpp__incl.pdf, id=4027, 519.9425pt x 285.065pt>
File: fortranVector_8hpp__incl.pdf Graphic file (type pdf)

<use fortranVector_8hpp__incl.pdf>

pdfTeX warning: pdflatex (file ./fortranVector_8hpp__dep__incl.pdf): PDF inclus
ion: found PDF version <1.5>, but at most version <1.4> allowed
<fortranVector_8hpp__dep__incl.pdf, id=4029, 830.10126pt x 373.395pt>
File: fortranVector_8hpp__dep__incl.pdf Graphic file (type pdf)

<use fortranVector_8hpp__dep__incl.pdf> [72 <./fortranVector_8hpp__incl.pdf> <.
/fortranVector_8hpp__dep__incl.pdf>]) (./GenericException_8hpp.tex

pdfTeX warning: pdflatex (file ./GenericException_8hpp__incl.pdf): PDF inclusio
n: found PDF version <1.5>, but at most version <1.4> allowed
<GenericException_8hpp__incl.pdf, id=4057, 271.0125pt x 164.615pt>
File: GenericException_8hpp__incl.pdf Graphic file (type pdf)

<use GenericException_8hpp__incl.pdf>

pdfTeX warning: pdflatex (file ./GenericException_8hpp__dep__incl.pdf): PDF inc
lusion: found PDF version <1.5>, but at most version <1.4> allowed
<GenericException_8hpp__dep__incl.pdf, id=4059, 974.64125pt x 419.5675pt>
File: GenericException_8hpp__dep__incl.pdf Graphic file (type pdf)

<use GenericException_8hpp__dep__incl.pdf>) (./Hessenberg_8hpp.tex

pdfTeX warning: pdflatex (file ./Hessenberg_8hpp__incl.pdf): PDF inclusion: fou
nd PDF version <1.5>, but at most version <1.4> allowed
<Hessenberg_8hpp__incl.pdf, id=4062, 572.1375pt x 345.29pt>
File: Hessenberg_8hpp__incl.pdf Graphic file (type pdf)

<use Hessenberg_8hpp__incl.pdf> [73 <./GenericException_8hpp__incl.pdf> <./Gene
ricException_8hpp__dep__incl.pdf>]

pdfTeX warning: pdflatex (file ./Hessenberg_8hpp__dep__incl.pdf): PDF inclusion
: found PDF version <1.5>, but at most version <1.4> allowed
<Hessenberg_8hpp__dep__incl.pdf, id=4087, 433.62pt x 224.84pt>
File: Hessenberg_8hpp__dep__incl.pdf Graphic file (type pdf)

<use Hessenberg_8hpp__dep__incl.pdf> [74 <./Hessenberg_8hpp__incl.pdf> <./Hesse
nberg_8hpp__dep__incl.pdf>]
Underfull \hbox (badness 10000) detected at line 80
[][][]
 []


Underfull \hbox (badness 10000) detected at line 98
[][][]
 []

[75]
Underfull \hbox (badness 10000) detected at line 110
[][][]
 []


Underfull \hbox (badness 10000) detected at line 141
[][][]
 []


Underfull \hbox (badness 10000) detected at line 164
[][][]
 []

[76]
Underfull \hbox (badness 10000) detected at line 193
[][][]
 []

) (./Ivdep_8hpp.tex

pdfTeX warning: pdflatex (file ./Ivdep_8hpp__dep__incl.pdf): PDF inclusion: fou
nd PDF version <1.5>, but at most version <1.4> allowed
<Ivdep_8hpp__dep__incl.pdf, id=4148, 862.22125pt x 433.62pt>
File: Ivdep_8hpp__dep__incl.pdf Graphic file (type pdf)

<use Ivdep_8hpp__dep__incl.pdf>) (./logger_8hpp.tex

pdfTeX warning: pdflatex (file ./logger_8hpp__incl.pdf): PDF inclusion: found P
DF version <1.5>, but at most version <1.4> allowed
<logger_8hpp__incl.pdf, id=4150, 240.9pt x 164.615pt>
File: logger_8hpp__incl.pdf Graphic file (type pdf)

<use logger_8hpp__incl.pdf> [77 <./Ivdep_8hpp__dep__incl.pdf> <./logger_8hpp__i
ncl.pdf>]) (./MacrosForCompilers_8hpp.tex

pdfTeX warning: pdflatex (file ./MacrosForCompilers_8hpp__dep__incl.pdf): PDF i
nclusion: found PDF version <1.5>, but at most version <1.4> allowed
<MacrosForCompilers_8hpp__dep__incl.pdf, id=4183, 962.59625pt x 507.8975pt>
File: MacrosForCompilers_8hpp__dep__incl.pdf Graphic file (type pdf)

<use MacrosForCompilers_8hpp__dep__incl.pdf>) (./Matrices_8hpp.tex

pdfTeX warning: pdflatex (file ./Matrices_8hpp__incl.pdf): PDF inclusion: found
 PDF version <1.5>, but at most version <1.4> allowed
<Matrices_8hpp__incl.pdf, id=4186, 849.1725pt x 419.5675pt>
File: Matrices_8hpp__incl.pdf Graphic file (type pdf)

<use Matrices_8hpp__incl.pdf> [78 <./MacrosForCompilers_8hpp__dep__incl.pdf>]

pdfTeX warning: pdflatex (file ./Matrices_8hpp__dep__incl.pdf): PDF inclusion: 
found PDF version <1.5>, but at most version <1.4> allowed
<Matrices_8hpp__dep__incl.pdf, id=4204, 433.62pt x 164.615pt>
File: Matrices_8hpp__dep__incl.pdf Graphic file (type pdf)

<use Matrices_8hpp__dep__incl.pdf> [79 <./Matrices_8hpp__incl.pdf> <./Matrices_
8hpp__dep__incl.pdf>]) (./MatrixType_8hpp.tex

pdfTeX warning: pdflatex (file ./MatrixType_8hpp__incl.pdf): PDF inclusion: fou
nd PDF version <1.5>, but at most version <1.4> allowed
<MatrixType_8hpp__incl.pdf, id=4238, 849.1725pt x 479.7925pt>
File: MatrixType_8hpp__incl.pdf Graphic file (type pdf)

<use MatrixType_8hpp__incl.pdf>) (./protos__lapack_8hpp.tex

pdfTeX warning: pdflatex (file ./protos__lapack_8hpp__dep__incl.pdf): PDF inclu
sion: found PDF version <1.5>, but at most version <1.4> allowed
<protos__lapack_8hpp__dep__incl.pdf, id=4242, 252.945pt x 178.6675pt>
File: protos__lapack_8hpp__dep__incl.pdf Graphic file (type pdf)

<use protos__lapack_8hpp__dep__incl.pdf>
Underfull \vbox (badness 10000) has occurred while \output is active []

 [80 <./MatrixType_8hpp__incl.pdf>]) (./mainpage_8dox.tex) (./Radau5cc_8hpp.tex


pdfTeX warning: pdflatex (file ./Radau5cc_8hpp__incl.pdf): PDF inclusion: found
 PDF version <1.5>, but at most version <1.4> allowed
<Radau5cc_8hpp__incl.pdf, id=4270, 1216.545pt x 479.7925pt>
File: Radau5cc_8hpp__incl.pdf Graphic file (type pdf)

<use Radau5cc_8hpp__incl.pdf> [81 <./protos__lapack_8hpp__dep__incl.pdf>])
[82 <./Radau5cc_8hpp__incl.pdf>] (./refman.ind
Underfull \hbox (badness 10000) in paragraph at lines 155--157
[]\T1/phv/m/n/10 common/include/fortran-Rectangular-Complex-Array.-hpp,
 []

[83

] [84] [85] [86] [87] [88] [89] [90] [91]) (./refman.aux)

LaTeX Font Warning: Some font shapes were not available, defaults substituted.


LaTeX Warning: There were multiply-defined labels.

 ) 
Here is how much of TeX's memory you used:
 11204 strings out of 493848
 198058 string characters out of 1152823
 234913 words of memory out of 8000000
 13089 multiletter control sequences out of 15000+50000
 91640 words of font info for 126 fonts, out of 3000000 for 9000
 714 hyphenation exceptions out of 8191
 48i,13n,44p,647b,527s stack positions out of 5000i,500n,10000p,200000b,50000s
{/usr/share/texmf-texlive/fonts/enc/dvips/base/8r.enc}</usr/share/texmf-texli
ve/fonts/type1/public/amsfonts/cm/cmmi10.pfb></usr/share/texmf-texlive/fonts/ty
pe1/public/amsfonts/cm/cmr10.pfb></usr/share/texmf-texlive/fonts/type1/public/a
msfonts/cm/cmsy10.pfb></usr/share/texmf-texlive/fonts/type1/urw/courier/ucrr8a.
pfb></usr/share/texmf-texlive/fonts/type1/urw/helvetic/uhvb8a.pfb></usr/share/t
exmf-texlive/fonts/type1/urw/helvetic/uhvb8ac.pfb></usr/share/texmf-texlive/fon
ts/type1/urw/helvetic/uhvbo8a.pfb></usr/share/texmf-texlive/fonts/type1/urw/hel
vetic/uhvbo8ac.pfb></usr/share/texmf-texlive/fonts/type1/urw/helvetic/uhvr8a.pf
b></usr/share/texmf-texlive/fonts/type1/urw/helvetic/uhvro8a.pfb></usr/share/te
xmf-texlive/fonts/type1/urw/times/utmri8a.pfb>
Output written on refman.pdf (107 pages, 1156950 bytes).
PDF statistics:
 5343 PDF objects out of 6186 (max. 8388607)
 1067 named destinations out of 1200 (max. 500000)
 4022 words of extra memory for PDF output out of 10000 (max. 10000000)

