\BOOKMARK [0][-]{chapter.1}{\376\377\000D\000o\000c\000u\000m\000e\000n\000t\000a\000t\000i\000o\000n\000.}{}
\BOOKMARK [1][-]{section.1.1}{\376\377\000I\000n\000t\000r\000o\000d\000u\000c\000t\000i\000o\000n}{chapter.1}
\BOOKMARK [1][-]{section.1.2}{\376\377\000G\000e\000n\000e\000r\000a\000l\000\040\000c\000o\000n\000s\000i\000d\000e\000r\000a\000t\000i\000o\000n\000s\000\040\000a\000b\000o\000u\000t\000\040\000i\000m\000p\000l\000e\000m\000e\000n\000t\000a\000t\000i\000o\000n\000.}{chapter.1}
\BOOKMARK [2][-]{subsection.1.2.1}{\376\377\000D\000i\000r\000e\000c\000t\000o\000r\000y\000\040\000s\000t\000r\000u\000c\000t\000u\000r\000e\000:}{section.1.2}
\BOOKMARK [3][-]{subsubsection.1.2.1.1}{\376\377\000T\000e\000s\000t\000\040\000d\000i\000r\000e\000c\000t\000o\000r\000i\000e\000s\000:}{subsection.1.2.1}
\BOOKMARK [0][-]{chapter.2}{\376\377\000N\000a\000m\000e\000s\000p\000a\000c\000e\000\040\000I\000n\000d\000e\000x}{}
\BOOKMARK [1][-]{section.2.1}{\376\377\000N\000a\000m\000e\000s\000p\000a\000c\000e\000\040\000L\000i\000s\000t}{chapter.2}
\BOOKMARK [0][-]{chapter.3}{\376\377\000H\000i\000e\000r\000a\000r\000c\000h\000i\000c\000a\000l\000\040\000I\000n\000d\000e\000x}{}
\BOOKMARK [1][-]{section.3.1}{\376\377\000C\000l\000a\000s\000s\000\040\000H\000i\000e\000r\000a\000r\000c\000h\000y}{chapter.3}
\BOOKMARK [0][-]{chapter.4}{\376\377\000C\000l\000a\000s\000s\000\040\000I\000n\000d\000e\000x}{}
\BOOKMARK [1][-]{section.4.1}{\376\377\000C\000l\000a\000s\000s\000\040\000L\000i\000s\000t}{chapter.4}
\BOOKMARK [0][-]{chapter.5}{\376\377\000F\000i\000l\000e\000\040\000I\000n\000d\000e\000x}{}
\BOOKMARK [1][-]{section.5.1}{\376\377\000F\000i\000l\000e\000\040\000L\000i\000s\000t}{chapter.5}
\BOOKMARK [0][-]{chapter.6}{\376\377\000N\000a\000m\000e\000s\000p\000a\000c\000e\000\040\000D\000o\000c\000u\000m\000e\000n\000t\000a\000t\000i\000o\000n}{}
\BOOKMARK [1][-]{section.6.1}{\376\377\000o\000d\000e\000s\000\040\000N\000a\000m\000e\000s\000p\000a\000c\000e\000\040\000R\000e\000f\000e\000r\000e\000n\000c\000e}{chapter.6}
\BOOKMARK [2][-]{subsection.6.1.1}{\376\377\000D\000e\000t\000a\000i\000l\000e\000d\000\040\000D\000e\000s\000c\000r\000i\000p\000t\000i\000o\000n}{section.6.1}
\BOOKMARK [2][-]{subsection.6.1.2}{\376\377\000E\000n\000u\000m\000e\000r\000a\000t\000i\000o\000n\000\040\000T\000y\000p\000e\000\040\000D\000o\000c\000u\000m\000e\000n\000t\000a\000t\000i\000o\000n}{section.6.1}
\BOOKMARK [3][-]{subsubsection.6.1.2.1}{\376\377\000e\000v\000e\000n\000t\000T\000y\000p\000e}{subsection.6.1.2}
\BOOKMARK [2][-]{subsection.6.1.3}{\376\377\000F\000u\000n\000c\000t\000i\000o\000n\000\040\000D\000o\000c\000u\000m\000e\000n\000t\000a\000t\000i\000o\000n}{section.6.1}
\BOOKMARK [3][-]{subsubsection.6.1.3.1}{\376\377\000d\000g\000b\000t\000r\000f\000\137}{subsection.6.1.3}
\BOOKMARK [3][-]{subsubsection.6.1.3.2}{\376\377\000d\000g\000b\000t\000r\000s\000\137}{subsection.6.1.3}
\BOOKMARK [3][-]{subsubsection.6.1.3.3}{\376\377\000d\000g\000e\000h\000r\000d\000\137}{subsection.6.1.3}
\BOOKMARK [3][-]{subsubsection.6.1.3.4}{\376\377\000d\000g\000e\000t\000r\000f\000\137}{subsection.6.1.3}
\BOOKMARK [3][-]{subsubsection.6.1.3.5}{\376\377\000d\000g\000e\000t\000r\000s\000\137}{subsection.6.1.3}
\BOOKMARK [3][-]{subsubsection.6.1.3.6}{\376\377\000d\000l\000a\000r\000n\000v\000\137}{subsection.6.1.3}
\BOOKMARK [3][-]{subsubsection.6.1.3.7}{\376\377\000d\000o\000r\000g\000h\000r\000\137}{subsection.6.1.3}
\BOOKMARK [3][-]{subsubsection.6.1.3.8}{\376\377\000z\000g\000b\000t\000r\000f\000\137}{subsection.6.1.3}
\BOOKMARK [3][-]{subsubsection.6.1.3.9}{\376\377\000z\000g\000b\000t\000r\000s\000\137}{subsection.6.1.3}
\BOOKMARK [3][-]{subsubsection.6.1.3.10}{\376\377\000z\000g\000e\000t\000r\000f\000\137}{subsection.6.1.3}
\BOOKMARK [3][-]{subsubsection.6.1.3.11}{\376\377\000z\000g\000e\000t\000r\000s\000\137}{subsection.6.1.3}
\BOOKMARK [0][-]{chapter.7}{\376\377\000C\000l\000a\000s\000s\000\040\000D\000o\000c\000u\000m\000e\000n\000t\000a\000t\000i\000o\000n}{}
\BOOKMARK [1][-]{section.7.1}{\376\377\000c\000o\000m\000p\000a\000t\000<\000\040\000f\000u\000l\000l\000,\000\040\000H\000e\000s\000s\000e\000n\000b\000e\000r\000g\000\040\000>\000\040\000S\000t\000r\000u\000c\000t\000\040\000T\000e\000m\000p\000l\000a\000t\000e\000\040\000R\000e\000f\000e\000r\000e\000n\000c\000e}{chapter.7}
\BOOKMARK [2][-]{subsection.7.1.1}{\376\377\000M\000e\000m\000b\000e\000r\000\040\000F\000u\000n\000c\000t\000i\000o\000n\000\040\000D\000o\000c\000u\000m\000e\000n\000t\000a\000t\000i\000o\000n}{section.7.1}
\BOOKMARK [3][-]{subsubsection.7.1.1.1}{\376\377\000c\000t\000\137\000a\000s\000s\000e\000r\000t}{subsection.7.1.1}
\BOOKMARK [1][-]{section.7.2}{\376\377\000o\000d\000e\000s\000:\000:\000l\000o\000g\000g\000e\000r\000:\000:\000e\000v\000e\000n\000t\000\040\000S\000t\000r\000u\000c\000t\000\040\000R\000e\000f\000e\000r\000e\000n\000c\000e}{chapter.7}
\BOOKMARK [2][-]{subsection.7.2.1}{\376\377\000C\000o\000n\000s\000t\000r\000u\000c\000t\000o\000r\000\040\000\046\000\040\000D\000e\000s\000t\000r\000u\000c\000t\000o\000r\000\040\000D\000o\000c\000u\000m\000e\000n\000t\000a\000t\000i\000o\000n}{section.7.2}
\BOOKMARK [3][-]{subsubsection.7.2.1.1}{\376\377\000e\000v\000e\000n\000t}{subsection.7.2.1}
\BOOKMARK [2][-]{subsection.7.2.2}{\376\377\000M\000e\000m\000b\000e\000r\000\040\000D\000a\000t\000a\000\040\000D\000o\000c\000u\000m\000e\000n\000t\000a\000t\000i\000o\000n}{section.7.2}
\BOOKMARK [3][-]{subsubsection.7.2.2.1}{\376\377\000s\000t\000e\000p}{subsection.7.2.2}
\BOOKMARK [3][-]{subsubsection.7.2.2.2}{\376\377\000T\000h\000e\000E\000v\000e\000n\000t}{subsection.7.2.2}
\BOOKMARK [3][-]{subsubsection.7.2.2.3}{\376\377\000t\000i\000m\000e}{subsection.7.2.2}
\BOOKMARK [3][-]{subsubsection.7.2.2.4}{\376\377\000v\000a\000l\000u\000e}{subsection.7.2.2}
\BOOKMARK [1][-]{section.7.3}{\376\377\000o\000d\000e\000s\000:\000:\000f\000o\000r\000t\000r\000a\000n\000A\000r\000r\000a\000y\000<\000\040\000n\000\040\000>\000\040\000C\000l\000a\000s\000s\000\040\000T\000e\000m\000p\000l\000a\000t\000e\000\040\000R\000e\000f\000e\000r\000e\000n\000c\000e}{chapter.7}
\BOOKMARK [2][-]{subsection.7.3.1}{\376\377\000D\000e\000t\000a\000i\000l\000e\000d\000\040\000D\000e\000s\000c\000r\000i\000p\000t\000i\000o\000n}{section.7.3}
\BOOKMARK [2][-]{subsection.7.3.2}{\376\377\000C\000o\000n\000s\000t\000r\000u\000c\000t\000o\000r\000\040\000\046\000\040\000D\000e\000s\000t\000r\000u\000c\000t\000o\000r\000\040\000D\000o\000c\000u\000m\000e\000n\000t\000a\000t\000i\000o\000n}{section.7.3}
\BOOKMARK [3][-]{subsubsection.7.3.2.1}{\376\377\000f\000o\000r\000t\000r\000a\000n\000A\000r\000r\000a\000y}{subsection.7.3.2}
\BOOKMARK [3][-]{subsubsection.7.3.2.2}{\376\377\000f\000o\000r\000t\000r\000a\000n\000A\000r\000r\000a\000y}{subsection.7.3.2}
\BOOKMARK [3][-]{subsubsection.7.3.2.3}{\376\377\000f\000o\000r\000t\000r\000a\000n\000A\000r\000r\000a\000y}{subsection.7.3.2}
\BOOKMARK [2][-]{subsection.7.3.3}{\376\377\000M\000e\000m\000b\000e\000r\000\040\000F\000u\000n\000c\000t\000i\000o\000n\000\040\000D\000o\000c\000u\000m\000e\000n\000t\000a\000t\000i\000o\000n}{section.7.3}
\BOOKMARK [3][-]{subsubsection.7.3.3.1}{\376\377\000a\000d\000d\000D\000i\000a\000g}{subsection.7.3.3}
\BOOKMARK [3][-]{subsubsection.7.3.3.2}{\376\377\000e\000q\000u\000a\000l\000\137\000m\000i\000n\000u\000s}{subsection.7.3.3}
\BOOKMARK [3][-]{subsubsection.7.3.3.3}{\376\377\000o\000p\000e\000r\000a\000t\000o\000r\000\046}{subsection.7.3.3}
\BOOKMARK [3][-]{subsubsection.7.3.3.4}{\376\377\000o\000p\000e\000r\000a\000t\000o\000r\000\050\000\051}{subsection.7.3.3}
\BOOKMARK [3][-]{subsubsection.7.3.3.5}{\376\377\000o\000p\000e\000r\000a\000t\000o\000r\000\050\000\051}{subsection.7.3.3}
\BOOKMARK [3][-]{subsubsection.7.3.3.6}{\376\377\000p\000r\000i\000n\000t}{subsection.7.3.3}
\BOOKMARK [2][-]{subsection.7.3.4}{\376\377\000M\000e\000m\000b\000e\000r\000\040\000D\000a\000t\000a\000\040\000D\000o\000c\000u\000m\000e\000n\000t\000a\000t\000i\000o\000n}{section.7.3}
\BOOKMARK [3][-]{subsubsection.7.3.4.1}{\376\377\000n\0002}{subsection.7.3.4}
\BOOKMARK [3][-]{subsubsection.7.3.4.2}{\376\377\000x}{subsection.7.3.4}
\BOOKMARK [1][-]{section.7.4}{\376\377\000o\000d\000e\000s\000:\000:\000f\000o\000r\000t\000r\000a\000n\000C\000o\000m\000p\000l\000e\000x\000A\000r\000r\000a\000y\000<\000\040\000n\000\040\000>\000\040\000C\000l\000a\000s\000s\000\040\000T\000e\000m\000p\000l\000a\000t\000e\000\040\000R\000e\000f\000e\000r\000e\000n\000c\000e}{chapter.7}
\BOOKMARK [2][-]{subsection.7.4.1}{\376\377\000D\000e\000t\000a\000i\000l\000e\000d\000\040\000D\000e\000s\000c\000r\000i\000p\000t\000i\000o\000n}{section.7.4}
\BOOKMARK [2][-]{subsection.7.4.2}{\376\377\000C\000o\000n\000s\000t\000r\000u\000c\000t\000o\000r\000\040\000\046\000\040\000D\000e\000s\000t\000r\000u\000c\000t\000o\000r\000\040\000D\000o\000c\000u\000m\000e\000n\000t\000a\000t\000i\000o\000n}{section.7.4}
\BOOKMARK [3][-]{subsubsection.7.4.2.1}{\376\377\000f\000o\000r\000t\000r\000a\000n\000C\000o\000m\000p\000l\000e\000x\000A\000r\000r\000a\000y}{subsection.7.4.2}
\BOOKMARK [3][-]{subsubsection.7.4.2.2}{\376\377\000f\000o\000r\000t\000r\000a\000n\000C\000o\000m\000p\000l\000e\000x\000A\000r\000r\000a\000y}{subsection.7.4.2}
\BOOKMARK [2][-]{subsection.7.4.3}{\376\377\000M\000e\000m\000b\000e\000r\000\040\000F\000u\000n\000c\000t\000i\000o\000n\000\040\000D\000o\000c\000u\000m\000e\000n\000t\000a\000t\000i\000o\000n}{section.7.4}
\BOOKMARK [3][-]{subsubsection.7.4.3.1}{\376\377\000I\000m}{subsection.7.4.3}
\BOOKMARK [3][-]{subsubsection.7.4.3.2}{\376\377\000o\000p\000e\000r\000a\000t\000o\000r\000\046}{subsection.7.4.3}
\BOOKMARK [3][-]{subsubsection.7.4.3.3}{\376\377\000p\000r\000i\000n\000t}{subsection.7.4.3}
\BOOKMARK [3][-]{subsubsection.7.4.3.4}{\376\377\000R\000e}{subsection.7.4.3}
\BOOKMARK [3][-]{subsubsection.7.4.3.5}{\376\377\000s\000e\000t}{subsection.7.4.3}
\BOOKMARK [2][-]{subsection.7.4.4}{\376\377\000M\000e\000m\000b\000e\000r\000\040\000D\000a\000t\000a\000\040\000D\000o\000c\000u\000m\000e\000n\000t\000a\000t\000i\000o\000n}{section.7.4}
\BOOKMARK [3][-]{subsubsection.7.4.4.1}{\376\377\000d\0002}{subsection.7.4.4}
\BOOKMARK [3][-]{subsubsection.7.4.4.2}{\376\377\000s\000i\000z\000e}{subsection.7.4.4}
\BOOKMARK [3][-]{subsubsection.7.4.4.3}{\376\377\000x}{subsection.7.4.4}
\BOOKMARK [1][-]{section.7.5}{\376\377\000o\000d\000e\000s\000:\000:\000f\000o\000r\000t\000r\000a\000n\000R\000e\000c\000t\000a\000n\000g\000u\000l\000a\000r\000A\000r\000r\000a\000y\000<\000\040\000n\000,\000\040\000k\000l\000,\000\040\000k\000u\000\040\000>\000\040\000C\000l\000a\000s\000s\000\040\000T\000e\000m\000p\000l\000a\000t\000e\000\040\000R\000e\000f\000e\000r\000e\000n\000c\000e}{chapter.7}
\BOOKMARK [2][-]{subsection.7.5.1}{\376\377\000D\000e\000t\000a\000i\000l\000e\000d\000\040\000D\000e\000s\000c\000r\000i\000p\000t\000i\000o\000n}{section.7.5}
\BOOKMARK [2][-]{subsection.7.5.2}{\376\377\000C\000o\000n\000s\000t\000r\000u\000c\000t\000o\000r\000\040\000\046\000\040\000D\000e\000s\000t\000r\000u\000c\000t\000o\000r\000\040\000D\000o\000c\000u\000m\000e\000n\000t\000a\000t\000i\000o\000n}{section.7.5}
\BOOKMARK [3][-]{subsubsection.7.5.2.1}{\376\377\000f\000o\000r\000t\000r\000a\000n\000R\000e\000c\000t\000a\000n\000g\000u\000l\000a\000r\000A\000r\000r\000a\000y}{subsection.7.5.2}
\BOOKMARK [3][-]{subsubsection.7.5.2.2}{\376\377\000f\000o\000r\000t\000r\000a\000n\000R\000e\000c\000t\000a\000n\000g\000u\000l\000a\000r\000A\000r\000r\000a\000y}{subsection.7.5.2}
\BOOKMARK [2][-]{subsection.7.5.3}{\376\377\000M\000e\000m\000b\000e\000r\000\040\000F\000u\000n\000c\000t\000i\000o\000n\000\040\000D\000o\000c\000u\000m\000e\000n\000t\000a\000t\000i\000o\000n}{section.7.5}
\BOOKMARK [3][-]{subsubsection.7.5.3.1}{\376\377\000a\000d\000d\000D\000i\000a\000g}{subsection.7.5.3}
\BOOKMARK [3][-]{subsubsection.7.5.3.2}{\376\377\000e\000q\000u\000a\000l\000\137\000m\000i\000n\000u\000s}{subsection.7.5.3}
\BOOKMARK [3][-]{subsubsection.7.5.3.3}{\376\377\000o\000p\000e\000r\000a\000t\000o\000r\000\046}{subsection.7.5.3}
\BOOKMARK [3][-]{subsubsection.7.5.3.4}{\376\377\000o\000p\000e\000r\000a\000t\000o\000r\000\050\000\051}{subsection.7.5.3}
\BOOKMARK [3][-]{subsubsection.7.5.3.5}{\376\377\000o\000p\000e\000r\000a\000t\000o\000r\000\050\000\051}{subsection.7.5.3}
\BOOKMARK [3][-]{subsubsection.7.5.3.6}{\376\377\000p\000r\000i\000n\000t}{subsection.7.5.3}
\BOOKMARK [2][-]{subsection.7.5.4}{\376\377\000M\000e\000m\000b\000e\000r\000\040\000D\000a\000t\000a\000\040\000D\000o\000c\000u\000m\000e\000n\000t\000a\000t\000i\000o\000n}{section.7.5}
\BOOKMARK [3][-]{subsubsection.7.5.4.1}{\376\377\000c\000c}{subsection.7.5.4}
\BOOKMARK [3][-]{subsubsection.7.5.4.2}{\376\377\000k\000l\000k\000u}{subsection.7.5.4}
\BOOKMARK [3][-]{subsubsection.7.5.4.3}{\376\377\000l\0001}{subsection.7.5.4}
\BOOKMARK [3][-]{subsubsection.7.5.4.4}{\376\377\000l\000d\000a\000b}{subsection.7.5.4}
\BOOKMARK [3][-]{subsubsection.7.5.4.5}{\376\377\000s\000i\000z\000e}{subsection.7.5.4}
\BOOKMARK [3][-]{subsubsection.7.5.4.6}{\376\377\000x}{subsection.7.5.4}
\BOOKMARK [1][-]{section.7.6}{\376\377\000o\000d\000e\000s\000:\000:\000f\000o\000r\000t\000r\000a\000n\000R\000e\000c\000t\000a\000n\000g\000u\000l\000a\000r\000C\000o\000m\000p\000l\000e\000x\000A\000r\000r\000a\000y\000<\000\040\000n\000,\000\040\000k\000l\000,\000\040\000k\000u\000\040\000>\000\040\000C\000l\000a\000s\000s\000\040\000T\000e\000m\000p\000l\000a\000t\000e\000\040\000R\000e\000f\000e\000r\000e\000n\000c\000e}{chapter.7}
\BOOKMARK [2][-]{subsection.7.6.1}{\376\377\000D\000e\000t\000a\000i\000l\000e\000d\000\040\000D\000e\000s\000c\000r\000i\000p\000t\000i\000o\000n}{section.7.6}
\BOOKMARK [2][-]{subsection.7.6.2}{\376\377\000C\000o\000n\000s\000t\000r\000u\000c\000t\000o\000r\000\040\000\046\000\040\000D\000e\000s\000t\000r\000u\000c\000t\000o\000r\000\040\000D\000o\000c\000u\000m\000e\000n\000t\000a\000t\000i\000o\000n}{section.7.6}
\BOOKMARK [3][-]{subsubsection.7.6.2.1}{\376\377\000f\000o\000r\000t\000r\000a\000n\000R\000e\000c\000t\000a\000n\000g\000u\000l\000a\000r\000C\000o\000m\000p\000l\000e\000x\000A\000r\000r\000a\000y}{subsection.7.6.2}
\BOOKMARK [3][-]{subsubsection.7.6.2.2}{\376\377\000f\000o\000r\000t\000r\000a\000n\000R\000e\000c\000t\000a\000n\000g\000u\000l\000a\000r\000C\000o\000m\000p\000l\000e\000x\000A\000r\000r\000a\000y}{subsection.7.6.2}
\BOOKMARK [2][-]{subsection.7.6.3}{\376\377\000M\000e\000m\000b\000e\000r\000\040\000F\000u\000n\000c\000t\000i\000o\000n\000\040\000D\000o\000c\000u\000m\000e\000n\000t\000a\000t\000i\000o\000n}{section.7.6}
\BOOKMARK [3][-]{subsubsection.7.6.3.1}{\376\377\000I\000m}{subsection.7.6.3}
\BOOKMARK [3][-]{subsubsection.7.6.3.2}{\376\377\000o\000p\000e\000r\000a\000t\000o\000r\000\046}{subsection.7.6.3}
\BOOKMARK [3][-]{subsubsection.7.6.3.3}{\376\377\000p\000r\000i\000n\000t}{subsection.7.6.3}
\BOOKMARK [3][-]{subsubsection.7.6.3.4}{\376\377\000R\000e}{subsection.7.6.3}
\BOOKMARK [3][-]{subsubsection.7.6.3.5}{\376\377\000s\000e\000t}{subsection.7.6.3}
\BOOKMARK [2][-]{subsection.7.6.4}{\376\377\000M\000e\000m\000b\000e\000r\000\040\000D\000a\000t\000a\000\040\000D\000o\000c\000u\000m\000e\000n\000t\000a\000t\000i\000o\000n}{section.7.6}
\BOOKMARK [3][-]{subsubsection.7.6.4.1}{\376\377\000c\000c}{subsection.7.6.4}
\BOOKMARK [3][-]{subsubsection.7.6.4.2}{\376\377\000k\000l\000k\000u}{subsection.7.6.4}
\BOOKMARK [3][-]{subsubsection.7.6.4.3}{\376\377\000l\0001}{subsection.7.6.4}
\BOOKMARK [3][-]{subsubsection.7.6.4.4}{\376\377\000l\000d\000a\000b}{subsection.7.6.4}
\BOOKMARK [3][-]{subsubsection.7.6.4.5}{\376\377\000s\000i\000z\000e}{subsection.7.6.4}
\BOOKMARK [3][-]{subsubsection.7.6.4.6}{\376\377\000x}{subsection.7.6.4}
\BOOKMARK [1][-]{section.7.7}{\376\377\000o\000d\000e\000s\000:\000:\000f\000o\000r\000t\000r\000a\000n\000V\000e\000c\000t\000o\000r\000\040\000C\000l\000a\000s\000s\000\040\000R\000e\000f\000e\000r\000e\000n\000c\000e}{chapter.7}
\BOOKMARK [2][-]{subsection.7.7.1}{\376\377\000D\000e\000t\000a\000i\000l\000e\000d\000\040\000D\000e\000s\000c\000r\000i\000p\000t\000i\000o\000n}{section.7.7}
\BOOKMARK [2][-]{subsection.7.7.2}{\376\377\000C\000o\000n\000s\000t\000r\000u\000c\000t\000o\000r\000\040\000\046\000\040\000D\000e\000s\000t\000r\000u\000c\000t\000o\000r\000\040\000D\000o\000c\000u\000m\000e\000n\000t\000a\000t\000i\000o\000n}{section.7.7}
\BOOKMARK [3][-]{subsubsection.7.7.2.1}{\376\377\000f\000o\000r\000t\000r\000a\000n\000V\000e\000c\000t\000o\000r}{subsection.7.7.2}
\BOOKMARK [3][-]{subsubsection.7.7.2.2}{\376\377\000f\000o\000r\000t\000r\000a\000n\000V\000e\000c\000t\000o\000r}{subsection.7.7.2}
\BOOKMARK [3][-]{subsubsection.7.7.2.3}{\376\377\000f\000o\000r\000t\000r\000a\000n\000V\000e\000c\000t\000o\000r}{subsection.7.7.2}
\BOOKMARK [3][-]{subsubsection.7.7.2.4}{\376\377\000f\000o\000r\000t\000r\000a\000n\000V\000e\000c\000t\000o\000r}{subsection.7.7.2}
\BOOKMARK [2][-]{subsection.7.7.3}{\376\377\000M\000e\000m\000b\000e\000r\000\040\000F\000u\000n\000c\000t\000i\000o\000n\000\040\000D\000o\000c\000u\000m\000e\000n\000t\000a\000t\000i\000o\000n}{section.7.7}
\BOOKMARK [3][-]{subsubsection.7.7.3.1}{\376\377\000g\000e\000t\000\137\000s\000i\000z\000e}{subsection.7.7.3}
\BOOKMARK [3][-]{subsubsection.7.7.3.2}{\376\377\000o\000p\000e\000r\000a\000t\000o\000r\000\046}{subsection.7.7.3}
\BOOKMARK [3][-]{subsubsection.7.7.3.3}{\376\377\000o\000p\000e\000r\000a\000t\000o\000r\000\050\000\051}{subsection.7.7.3}
\BOOKMARK [3][-]{subsubsection.7.7.3.4}{\376\377\000o\000p\000e\000r\000a\000t\000o\000r\000\050\000\051}{subsection.7.7.3}
\BOOKMARK [3][-]{subsubsection.7.7.3.5}{\376\377\000o\000p\000e\000r\000a\000t\000o\000r\000+\000=}{subsection.7.7.3}
\BOOKMARK [3][-]{subsubsection.7.7.3.6}{\376\377\000o\000p\000e\000r\000a\000t\000o\000r\000=}{subsection.7.7.3}
\BOOKMARK [3][-]{subsubsection.7.7.3.7}{\376\377\000p\000r\000i\000n\000t}{subsection.7.7.3}
\BOOKMARK [3][-]{subsubsection.7.7.3.8}{\376\377\000s\000e\000t\000s\000i\000z\000e}{subsection.7.7.3}
\BOOKMARK [2][-]{subsection.7.7.4}{\376\377\000F\000r\000i\000e\000n\000d\000s\000\040\000A\000n\000d\000\040\000R\000e\000l\000a\000t\000e\000d\000\040\000F\000u\000n\000c\000t\000i\000o\000n\000\040\000D\000o\000c\000u\000m\000e\000n\000t\000a\000t\000i\000o\000n}{section.7.7}
\BOOKMARK [3][-]{subsubsection.7.7.4.1}{\376\377\000f\000o\000r\000t\000r\000a\000n\000A\000r\000r\000a\000y}{subsection.7.7.4}
\BOOKMARK [3][-]{subsubsection.7.7.4.2}{\376\377\000f\000o\000r\000t\000r\000a\000n\000V\000e\000c\000t\000o\000r\000F}{subsection.7.7.4}
\BOOKMARK [2][-]{subsection.7.7.5}{\376\377\000M\000e\000m\000b\000e\000r\000\040\000D\000a\000t\000a\000\040\000D\000o\000c\000u\000m\000e\000n\000t\000a\000t\000i\000o\000n}{section.7.7}
\BOOKMARK [3][-]{subsubsection.7.7.5.1}{\376\377\000d\000e\000l\000e\000t\000a\000b\000l\000e}{subsection.7.7.5}
\BOOKMARK [3][-]{subsubsection.7.7.5.2}{\376\377\000s\000i\000z\000e}{subsection.7.7.5}
\BOOKMARK [3][-]{subsubsection.7.7.5.3}{\376\377\000x}{subsection.7.7.5}
\BOOKMARK [1][-]{section.7.8}{\376\377\000o\000d\000e\000s\000:\000:\000f\000o\000r\000t\000r\000a\000n\000V\000e\000c\000t\000o\000r\000F\000<\000\040\000n\000\040\000>\000\040\000C\000l\000a\000s\000s\000\040\000T\000e\000m\000p\000l\000a\000t\000e\000\040\000R\000e\000f\000e\000r\000e\000n\000c\000e}{chapter.7}
\BOOKMARK [2][-]{subsection.7.8.1}{\376\377\000D\000e\000t\000a\000i\000l\000e\000d\000\040\000D\000e\000s\000c\000r\000i\000p\000t\000i\000o\000n}{section.7.8}
\BOOKMARK [2][-]{subsection.7.8.2}{\376\377\000C\000o\000n\000s\000t\000r\000u\000c\000t\000o\000r\000\040\000\046\000\040\000D\000e\000s\000t\000r\000u\000c\000t\000o\000r\000\040\000D\000o\000c\000u\000m\000e\000n\000t\000a\000t\000i\000o\000n}{section.7.8}
\BOOKMARK [3][-]{subsubsection.7.8.2.1}{\376\377\000f\000o\000r\000t\000r\000a\000n\000V\000e\000c\000t\000o\000r\000F}{subsection.7.8.2}
\BOOKMARK [3][-]{subsubsection.7.8.2.2}{\376\377\000f\000o\000r\000t\000r\000a\000n\000V\000e\000c\000t\000o\000r\000F}{subsection.7.8.2}
\BOOKMARK [2][-]{subsection.7.8.3}{\376\377\000M\000e\000m\000b\000e\000r\000\040\000F\000u\000n\000c\000t\000i\000o\000n\000\040\000D\000o\000c\000u\000m\000e\000n\000t\000a\000t\000i\000o\000n}{section.7.8}
\BOOKMARK [3][-]{subsubsection.7.8.3.1}{\376\377\000a\000\137\000x\000\137\000p\000l\000u\000s\000\137\000y}{subsection.7.8.3}
\BOOKMARK [3][-]{subsubsection.7.8.3.2}{\376\377\000a\000\137\000Y}{subsection.7.8.3}
\BOOKMARK [3][-]{subsubsection.7.8.3.3}{\376\377\000g\000e\000t\000\137\000s\000i\000z\000e}{subsection.7.8.3}
\BOOKMARK [3][-]{subsubsection.7.8.3.4}{\376\377\000l\000c\0002}{subsection.7.8.3}
\BOOKMARK [3][-]{subsubsection.7.8.3.5}{\376\377\000l\000c\0003}{subsection.7.8.3}
\BOOKMARK [3][-]{subsubsection.7.8.3.6}{\376\377\000l\000c\0004}{subsection.7.8.3}
\BOOKMARK [3][-]{subsubsection.7.8.3.7}{\376\377\000l\000c\0005}{subsection.7.8.3}
\BOOKMARK [3][-]{subsubsection.7.8.3.8}{\376\377\000o\000p\000e\000r\000a\000t\000o\000r\000\046}{subsection.7.8.3}
\BOOKMARK [3][-]{subsubsection.7.8.3.9}{\376\377\000o\000p\000e\000r\000a\000t\000o\000r\000\050\000\051}{subsection.7.8.3}
\BOOKMARK [3][-]{subsubsection.7.8.3.10}{\376\377\000o\000p\000e\000r\000a\000t\000o\000r\000\050\000\051}{subsection.7.8.3}
\BOOKMARK [3][-]{subsubsection.7.8.3.11}{\376\377\000o\000p\000e\000r\000a\000t\000o\000r\000+\000=}{subsection.7.8.3}
\BOOKMARK [3][-]{subsubsection.7.8.3.12}{\376\377\000o\000p\000e\000r\000a\000t\000o\000r\000+\000=}{subsection.7.8.3}
\BOOKMARK [3][-]{subsubsection.7.8.3.13}{\376\377\000o\000p\000e\000r\000a\000t\000o\000r\000=}{subsection.7.8.3}
\BOOKMARK [3][-]{subsubsection.7.8.3.14}{\376\377\000o\000p\000e\000r\000a\000t\000o\000r\000=}{subsection.7.8.3}
\BOOKMARK [3][-]{subsubsection.7.8.3.15}{\376\377\000o\000p\000e\000r\000a\000t\000o\000r\000=}{subsection.7.8.3}
\BOOKMARK [3][-]{subsubsection.7.8.3.16}{\376\377\000p\000r\000i\000n\000t}{subsection.7.8.3}
\BOOKMARK [3][-]{subsubsection.7.8.3.17}{\376\377\000p\000u\000t}{subsection.7.8.3}
\BOOKMARK [3][-]{subsubsection.7.8.3.18}{\376\377\000s\000e\000t\000s\000i\000z\000e}{subsection.7.8.3}
\BOOKMARK [3][-]{subsubsection.7.8.3.19}{\376\377\000s\000e\000t\000s\000u\000m\0002}{subsection.7.8.3}
\BOOKMARK [3][-]{subsubsection.7.8.3.20}{\376\377\000s\000u\000m}{subsection.7.8.3}
\BOOKMARK [3][-]{subsubsection.7.8.3.21}{\376\377\000s\000u\000m}{subsection.7.8.3}
\BOOKMARK [3][-]{subsubsection.7.8.3.22}{\376\377\000s\000w\000i\000t\000c\000h\000a\000d\000r}{subsection.7.8.3}
\BOOKMARK [3][-]{subsubsection.7.8.3.23}{\376\377\000x\000\137\000l\000c\0002}{subsection.7.8.3}
\BOOKMARK [3][-]{subsubsection.7.8.3.24}{\376\377\000x\000\137\000l\000c\0003}{subsection.7.8.3}
\BOOKMARK [3][-]{subsubsection.7.8.3.25}{\376\377\000x\000\137\000l\000c\0004}{subsection.7.8.3}
\BOOKMARK [2][-]{subsection.7.8.4}{\376\377\000M\000e\000m\000b\000e\000r\000\040\000D\000a\000t\000a\000\040\000D\000o\000c\000u\000m\000e\000n\000t\000a\000t\000i\000o\000n}{section.7.8}
\BOOKMARK [3][-]{subsubsection.7.8.4.1}{\376\377\000d\000e\000l\000e\000t\000a\000b\000l\000e}{subsection.7.8.4}
\BOOKMARK [3][-]{subsubsection.7.8.4.2}{\376\377\000s\000i\000z\000e}{subsection.7.8.4}
\BOOKMARK [3][-]{subsubsection.7.8.4.3}{\376\377\000x}{subsection.7.8.4}
\BOOKMARK [3][-]{subsubsection.7.8.4.4}{\376\377\000y}{subsection.7.8.4}
\BOOKMARK [1][-]{section.7.9}{\376\377\000G\000e\000n\000e\000r\000i\000c\000E\000x\000c\000e\000p\000t\000i\000o\000n\000\040\000C\000l\000a\000s\000s\000\040\000R\000e\000f\000e\000r\000e\000n\000c\000e}{chapter.7}
\BOOKMARK [2][-]{subsection.7.9.1}{\376\377\000D\000e\000t\000a\000i\000l\000e\000d\000\040\000D\000e\000s\000c\000r\000i\000p\000t\000i\000o\000n}{section.7.9}
\BOOKMARK [2][-]{subsection.7.9.2}{\376\377\000C\000o\000n\000s\000t\000r\000u\000c\000t\000o\000r\000\040\000\046\000\040\000D\000e\000s\000t\000r\000u\000c\000t\000o\000r\000\040\000D\000o\000c\000u\000m\000e\000n\000t\000a\000t\000i\000o\000n}{section.7.9}
\BOOKMARK [3][-]{subsubsection.7.9.2.1}{\376\377\000G\000e\000n\000e\000r\000i\000c\000E\000x\000c\000e\000p\000t\000i\000o\000n}{subsection.7.9.2}
\BOOKMARK [3][-]{subsubsection.7.9.2.2}{\376\377\000G\000e\000n\000e\000r\000i\000c\000E\000x\000c\000e\000p\000t\000i\000o\000n}{subsection.7.9.2}
\BOOKMARK [3][-]{subsubsection.7.9.2.3}{\376\377\000G\000e\000n\000e\000r\000i\000c\000E\000x\000c\000e\000p\000t\000i\000o\000n}{subsection.7.9.2}
\BOOKMARK [3][-]{subsubsection.7.9.2.4}{\376\377\000G\000e\000n\000e\000r\000i\000c\000E\000x\000c\000e\000p\000t\000i\000o\000n}{subsection.7.9.2}
\BOOKMARK [3][-]{subsubsection.7.9.2.5}{\376\377\000G\000e\000n\000e\000r\000i\000c\000E\000x\000c\000e\000p\000t\000i\000o\000n}{subsection.7.9.2}
\BOOKMARK [3][-]{subsubsection.7.9.2.6}{\376\377\000G\000e\000n\000e\000r\000i\000c\000E\000x\000c\000e\000p\000t\000i\000o\000n}{subsection.7.9.2}
\BOOKMARK [3][-]{subsubsection.7.9.2.7}{\376\377\000G\000e\000n\000e\000r\000i\000c\000E\000x\000c\000e\000p\000t\000i\000o\000n}{subsection.7.9.2}
\BOOKMARK [3][-]{subsubsection.7.9.2.8}{\376\377\000G\000e\000n\000e\000r\000i\000c\000E\000x\000c\000e\000p\000t\000i\000o\000n}{subsection.7.9.2}
\BOOKMARK [3][-]{subsubsection.7.9.2.9}{\376\377\000G\000e\000n\000e\000r\000i\000c\000E\000x\000c\000e\000p\000t\000i\000o\000n}{subsection.7.9.2}
\BOOKMARK [3][-]{subsubsection.7.9.2.10}{\376\377\000G\000e\000n\000e\000r\000i\000c\000E\000x\000c\000e\000p\000t\000i\000o\000n}{subsection.7.9.2}
\BOOKMARK [3][-]{subsubsection.7.9.2.11}{\376\377\000G\000e\000n\000e\000r\000i\000c\000E\000x\000c\000e\000p\000t\000i\000o\000n}{subsection.7.9.2}
\BOOKMARK [1][-]{section.7.10}{\376\377\000o\000d\000e\000s\000:\000:\000l\000o\000g\000g\000e\000r\000\040\000C\000l\000a\000s\000s\000\040\000R\000e\000f\000e\000r\000e\000n\000c\000e}{chapter.7}
\BOOKMARK [2][-]{subsection.7.10.1}{\376\377\000D\000e\000t\000a\000i\000l\000e\000d\000\040\000D\000e\000s\000c\000r\000i\000p\000t\000i\000o\000n}{section.7.10}
\BOOKMARK [2][-]{subsection.7.10.2}{\376\377\000C\000o\000n\000s\000t\000r\000u\000c\000t\000o\000r\000\040\000\046\000\040\000D\000e\000s\000t\000r\000u\000c\000t\000o\000r\000\040\000D\000o\000c\000u\000m\000e\000n\000t\000a\000t\000i\000o\000n}{section.7.10}
\BOOKMARK [3][-]{subsubsection.7.10.2.1}{\376\377\000l\000o\000g\000g\000e\000r}{subsection.7.10.2}
\BOOKMARK [3][-]{subsubsection.7.10.2.2}{\376\377\000l\000o\000g\000g\000e\000r}{subsection.7.10.2}
\BOOKMARK [2][-]{subsection.7.10.3}{\376\377\000M\000e\000m\000b\000e\000r\000\040\000F\000u\000n\000c\000t\000i\000o\000n\000\040\000D\000o\000c\000u\000m\000e\000n\000t\000a\000t\000i\000o\000n}{section.7.10}
\BOOKMARK [3][-]{subsubsection.7.10.3.1}{\376\377\000c\000l\000e\000a\000r}{subsection.7.10.3}
\BOOKMARK [3][-]{subsubsection.7.10.3.2}{\376\377\000p\000r\000i\000n\000t}{subsection.7.10.3}
\BOOKMARK [3][-]{subsubsection.7.10.3.3}{\376\377\000p\000u\000t}{subsection.7.10.3}
\BOOKMARK [2][-]{subsection.7.10.4}{\376\377\000M\000e\000m\000b\000e\000r\000\040\000D\000a\000t\000a\000\040\000D\000o\000c\000u\000m\000e\000n\000t\000a\000t\000i\000o\000n}{section.7.10}
\BOOKMARK [3][-]{subsubsection.7.10.4.1}{\376\377\000L}{subsection.7.10.4}
\BOOKMARK [1][-]{section.7.11}{\376\377\000o\000d\000e\000s\000:\000:\000M\000a\000t\000r\000i\000c\000e\000s\000<\000\040\000f\000u\000l\000l\000,\000\040\000H\000e\000s\000s\000e\000n\000g\000e\000r\000g\000,\000\040\000n\000,\000\040\000n\000s\000u\000b\000,\000\040\000n\000s\000u\000p\000\040\000>\000\040\000C\000l\000a\000s\000s\000\040\000T\000e\000m\000p\000l\000a\000t\000e\000\040\000R\000e\000f\000e\000r\000e\000n\000c\000e}{chapter.7}
\BOOKMARK [2][-]{subsection.7.11.1}{\376\377\000D\000e\000t\000a\000i\000l\000e\000d\000\040\000D\000e\000s\000c\000r\000i\000p\000t\000i\000o\000n}{section.7.11}
\BOOKMARK [2][-]{subsection.7.11.2}{\376\377\000M\000e\000m\000b\000e\000r\000\040\000T\000y\000p\000e\000d\000e\000f\000\040\000D\000o\000c\000u\000m\000e\000n\000t\000a\000t\000i\000o\000n}{section.7.11}
\BOOKMARK [3][-]{subsubsection.7.11.2.1}{\376\377\000M\000a\000t\000r\000i\000x\000C\000o\000m\000p\000l\000e\000x}{subsection.7.11.2}
\BOOKMARK [3][-]{subsubsection.7.11.2.2}{\376\377\000M\000a\000t\000r\000i\000x\000R\000e\000a\000l}{subsection.7.11.2}
\BOOKMARK [2][-]{subsection.7.11.3}{\376\377\000C\000o\000n\000s\000t\000r\000u\000c\000t\000o\000r\000\040\000\046\000\040\000D\000e\000s\000t\000r\000u\000c\000t\000o\000r\000\040\000D\000o\000c\000u\000m\000e\000n\000t\000a\000t\000i\000o\000n}{section.7.11}
\BOOKMARK [3][-]{subsubsection.7.11.3.1}{\376\377\000M\000a\000t\000r\000i\000c\000e\000s}{subsection.7.11.3}
\BOOKMARK [2][-]{subsection.7.11.4}{\376\377\000M\000e\000m\000b\000e\000r\000\040\000F\000u\000n\000c\000t\000i\000o\000n\000\040\000D\000o\000c\000u\000m\000e\000n\000t\000a\000t\000i\000o\000n}{section.7.11}
\BOOKMARK [3][-]{subsubsection.7.11.4.1}{\376\377\000d\000e\000c\000o\000m\000c}{subsection.7.11.4}
\BOOKMARK [3][-]{subsubsection.7.11.4.2}{\376\377\000d\000e\000c\000o\000m\000r}{subsection.7.11.4}
\BOOKMARK [3][-]{subsubsection.7.11.4.3}{\376\377\000I\000b\000e\000g\000i\000n}{subsection.7.11.4}
\BOOKMARK [3][-]{subsubsection.7.11.4.4}{\376\377\000I\000e\000n\000d}{subsection.7.11.4}
\BOOKMARK [3][-]{subsubsection.7.11.4.5}{\376\377\000s\000o\000l\000v\000e\000c\000o\000m\000p\000l\000e\000x}{subsection.7.11.4}
\BOOKMARK [3][-]{subsubsection.7.11.4.6}{\376\377\000s\000o\000l\000v\000e\000r\000e\000a\000l}{subsection.7.11.4}
\BOOKMARK [2][-]{subsection.7.11.5}{\376\377\000M\000e\000m\000b\000e\000r\000\040\000D\000a\000t\000a\000\040\000D\000o\000c\000u\000m\000e\000n\000t\000a\000t\000i\000o\000n}{section.7.11}
\BOOKMARK [3][-]{subsubsection.7.11.5.1}{\376\377\000c\000a\000l\000h\000e\000s}{subsection.7.11.5}
\BOOKMARK [3][-]{subsubsection.7.11.5.2}{\376\377\000E\0001}{subsection.7.11.5}
\BOOKMARK [3][-]{subsubsection.7.11.5.3}{\376\377\000E\0002\000R}{subsection.7.11.5}
\BOOKMARK [3][-]{subsubsection.7.11.5.4}{\376\377\000i\000p\000i\000v\000c}{subsection.7.11.5}
\BOOKMARK [3][-]{subsubsection.7.11.5.5}{\376\377\000i\000p\000i\000v\000r}{subsection.7.11.5}
\BOOKMARK [3][-]{subsubsection.7.11.5.6}{\376\377\000Z\0002\000N}{subsection.7.11.5}
\BOOKMARK [1][-]{section.7.12}{\376\377\000o\000d\000e\000s\000:\000:\000M\000a\000t\000r\000i\000c\000e\000s\000<\000\040\000f\000a\000l\000s\000e\000,\000\040\000f\000a\000l\000s\000e\000,\000\040\000n\000,\000\040\000n\000s\000u\000b\000,\000\040\000n\000s\000u\000p\000\040\000>\000\040\000C\000l\000a\000s\000s\000\040\000T\000e\000m\000p\000l\000a\000t\000e\000\040\000R\000e\000f\000e\000r\000e\000n\000c\000e}{chapter.7}
\BOOKMARK [2][-]{subsection.7.12.1}{\376\377\000D\000e\000t\000a\000i\000l\000e\000d\000\040\000D\000e\000s\000c\000r\000i\000p\000t\000i\000o\000n}{section.7.12}
\BOOKMARK [2][-]{subsection.7.12.2}{\376\377\000M\000e\000m\000b\000e\000r\000\040\000T\000y\000p\000e\000d\000e\000f\000\040\000D\000o\000c\000u\000m\000e\000n\000t\000a\000t\000i\000o\000n}{section.7.12}
\BOOKMARK [3][-]{subsubsection.7.12.2.1}{\376\377\000M\000a\000t\000r\000i\000x\000C\000o\000m\000p\000l\000e\000x}{subsection.7.12.2}
\BOOKMARK [3][-]{subsubsection.7.12.2.2}{\376\377\000M\000a\000t\000r\000i\000x\000R\000e\000a\000l}{subsection.7.12.2}
\BOOKMARK [2][-]{subsection.7.12.3}{\376\377\000C\000o\000n\000s\000t\000r\000u\000c\000t\000o\000r\000\040\000\046\000\040\000D\000e\000s\000t\000r\000u\000c\000t\000o\000r\000\040\000D\000o\000c\000u\000m\000e\000n\000t\000a\000t\000i\000o\000n}{section.7.12}
\BOOKMARK [3][-]{subsubsection.7.12.3.1}{\376\377\000M\000a\000t\000r\000i\000c\000e\000s}{subsection.7.12.3}
\BOOKMARK [2][-]{subsection.7.12.4}{\376\377\000M\000e\000m\000b\000e\000r\000\040\000F\000u\000n\000c\000t\000i\000o\000n\000\040\000D\000o\000c\000u\000m\000e\000n\000t\000a\000t\000i\000o\000n}{section.7.12}
\BOOKMARK [3][-]{subsubsection.7.12.4.1}{\376\377\000d\000e\000c\000o\000m\000c}{subsection.7.12.4}
\BOOKMARK [3][-]{subsubsection.7.12.4.2}{\376\377\000d\000e\000c\000o\000m\000r}{subsection.7.12.4}
\BOOKMARK [3][-]{subsubsection.7.12.4.3}{\376\377\000I\000b\000e\000g\000i\000n}{subsection.7.12.4}
\BOOKMARK [3][-]{subsubsection.7.12.4.4}{\376\377\000I\000e\000n\000d}{subsection.7.12.4}
\BOOKMARK [3][-]{subsubsection.7.12.4.5}{\376\377\000s\000o\000l\000v\000e\000c\000o\000m\000p\000l\000e\000x}{subsection.7.12.4}
\BOOKMARK [3][-]{subsubsection.7.12.4.6}{\376\377\000s\000o\000l\000v\000e\000r\000e\000a\000l}{subsection.7.12.4}
\BOOKMARK [2][-]{subsection.7.12.5}{\376\377\000M\000e\000m\000b\000e\000r\000\040\000D\000a\000t\000a\000\040\000D\000o\000c\000u\000m\000e\000n\000t\000a\000t\000i\000o\000n}{section.7.12}
\BOOKMARK [3][-]{subsubsection.7.12.5.1}{\376\377\000c\000a\000l\000h\000e\000s}{subsection.7.12.5}
\BOOKMARK [3][-]{subsubsection.7.12.5.2}{\376\377\000E\0001}{subsection.7.12.5}
\BOOKMARK [3][-]{subsubsection.7.12.5.3}{\376\377\000E\0002\000R}{subsection.7.12.5}
\BOOKMARK [3][-]{subsubsection.7.12.5.4}{\376\377\000i\000p\000i\000v\000c}{subsection.7.12.5}
\BOOKMARK [3][-]{subsubsection.7.12.5.5}{\376\377\000i\000p\000i\000v\000r}{subsection.7.12.5}
\BOOKMARK [3][-]{subsubsection.7.12.5.6}{\376\377\000l\000d\000a\000b}{subsection.7.12.5}
\BOOKMARK [3][-]{subsubsection.7.12.5.7}{\376\377\000Z\0002\000N}{subsection.7.12.5}
\BOOKMARK [1][-]{section.7.13}{\376\377\000o\000d\000e\000s\000:\000:\000M\000a\000t\000r\000i\000c\000e\000s\000<\000\040\000f\000a\000l\000s\000e\000,\000\040\000t\000r\000u\000e\000,\000\040\000n\000,\000\040\000n\000s\000u\000b\000,\000\040\000n\000s\000u\000p\000\040\000>\000\040\000C\000l\000a\000s\000s\000\040\000T\000e\000m\000p\000l\000a\000t\000e\000\040\000R\000e\000f\000e\000r\000e\000n\000c\000e}{chapter.7}
\BOOKMARK [2][-]{subsection.7.13.1}{\376\377\000D\000e\000t\000a\000i\000l\000e\000d\000\040\000D\000e\000s\000c\000r\000i\000p\000t\000i\000o\000n}{section.7.13}
\BOOKMARK [2][-]{subsection.7.13.2}{\376\377\000M\000e\000m\000b\000e\000r\000\040\000T\000y\000p\000e\000d\000e\000f\000\040\000D\000o\000c\000u\000m\000e\000n\000t\000a\000t\000i\000o\000n}{section.7.13}
\BOOKMARK [3][-]{subsubsection.7.13.2.1}{\376\377\000M\000a\000t\000r\000i\000x\000C\000o\000m\000p\000l\000e\000x}{subsection.7.13.2}
\BOOKMARK [3][-]{subsubsection.7.13.2.2}{\376\377\000M\000a\000t\000r\000i\000x\000R\000e\000a\000l}{subsection.7.13.2}
\BOOKMARK [2][-]{subsection.7.13.3}{\376\377\000C\000o\000n\000s\000t\000r\000u\000c\000t\000o\000r\000\040\000\046\000\040\000D\000e\000s\000t\000r\000u\000c\000t\000o\000r\000\040\000D\000o\000c\000u\000m\000e\000n\000t\000a\000t\000i\000o\000n}{section.7.13}
\BOOKMARK [3][-]{subsubsection.7.13.3.1}{\376\377\000M\000a\000t\000r\000i\000c\000e\000s}{subsection.7.13.3}
\BOOKMARK [2][-]{subsection.7.13.4}{\376\377\000M\000e\000m\000b\000e\000r\000\040\000F\000u\000n\000c\000t\000i\000o\000n\000\040\000D\000o\000c\000u\000m\000e\000n\000t\000a\000t\000i\000o\000n}{section.7.13}
\BOOKMARK [3][-]{subsubsection.7.13.4.1}{\376\377\000d\000e\000c\000o\000m\000c}{subsection.7.13.4}
\BOOKMARK [3][-]{subsubsection.7.13.4.2}{\376\377\000d\000e\000c\000o\000m\000r}{subsection.7.13.4}
\BOOKMARK [3][-]{subsubsection.7.13.4.3}{\376\377\000I\000b\000e\000g\000i\000n}{subsection.7.13.4}
\BOOKMARK [3][-]{subsubsection.7.13.4.4}{\376\377\000I\000e\000n\000d}{subsection.7.13.4}
\BOOKMARK [3][-]{subsubsection.7.13.4.5}{\376\377\000s\000o\000l\000v\000e\000c\000o\000m\000p\000l\000e\000x}{subsection.7.13.4}
\BOOKMARK [3][-]{subsubsection.7.13.4.6}{\376\377\000s\000o\000l\000v\000e\000r\000e\000a\000l}{subsection.7.13.4}
\BOOKMARK [2][-]{subsection.7.13.5}{\376\377\000M\000e\000m\000b\000e\000r\000\040\000D\000a\000t\000a\000\040\000D\000o\000c\000u\000m\000e\000n\000t\000a\000t\000i\000o\000n}{section.7.13}
\BOOKMARK [3][-]{subsubsection.7.13.5.1}{\376\377\000c\000a\000l\000h\000e\000s}{subsection.7.13.5}
\BOOKMARK [1][-]{section.7.14}{\376\377\000o\000d\000e\000s\000:\000:\000M\000a\000t\000r\000i\000c\000e\000s\000<\000\040\000t\000r\000u\000e\000,\000\040\000t\000r\000u\000e\000,\000\040\000n\000,\000\040\000n\000s\000u\000b\000,\000\040\000n\000s\000u\000p\000\040\000>\000\040\000C\000l\000a\000s\000s\000\040\000T\000e\000m\000p\000l\000a\000t\000e\000\040\000R\000e\000f\000e\000r\000e\000n\000c\000e}{chapter.7}
\BOOKMARK [2][-]{subsection.7.14.1}{\376\377\000D\000e\000t\000a\000i\000l\000e\000d\000\040\000D\000e\000s\000c\000r\000i\000p\000t\000i\000o\000n}{section.7.14}
\BOOKMARK [2][-]{subsection.7.14.2}{\376\377\000M\000e\000m\000b\000e\000r\000\040\000T\000y\000p\000e\000d\000e\000f\000\040\000D\000o\000c\000u\000m\000e\000n\000t\000a\000t\000i\000o\000n}{section.7.14}
\BOOKMARK [3][-]{subsubsection.7.14.2.1}{\376\377\000M\000a\000t\000r\000i\000x\000C\000o\000m\000p\000l\000e\000x}{subsection.7.14.2}
\BOOKMARK [3][-]{subsubsection.7.14.2.2}{\376\377\000M\000a\000t\000r\000i\000x\000R\000e\000a\000l}{subsection.7.14.2}
\BOOKMARK [2][-]{subsection.7.14.3}{\376\377\000C\000o\000n\000s\000t\000r\000u\000c\000t\000o\000r\000\040\000\046\000\040\000D\000e\000s\000t\000r\000u\000c\000t\000o\000r\000\040\000D\000o\000c\000u\000m\000e\000n\000t\000a\000t\000i\000o\000n}{section.7.14}
\BOOKMARK [3][-]{subsubsection.7.14.3.1}{\376\377\000M\000a\000t\000r\000i\000c\000e\000s}{subsection.7.14.3}
\BOOKMARK [3][-]{subsubsection.7.14.3.2}{\376\377\000M\000a\000t\000r\000i\000c\000e\000s}{subsection.7.14.3}
\BOOKMARK [2][-]{subsection.7.14.4}{\376\377\000M\000e\000m\000b\000e\000r\000\040\000F\000u\000n\000c\000t\000i\000o\000n\000\040\000D\000o\000c\000u\000m\000e\000n\000t\000a\000t\000i\000o\000n}{section.7.14}
\BOOKMARK [3][-]{subsubsection.7.14.4.1}{\376\377\000d\000e\000c\000o\000m\000c}{subsection.7.14.4}
\BOOKMARK [3][-]{subsubsection.7.14.4.2}{\376\377\000d\000e\000c\000o\000m\000r}{subsection.7.14.4}
\BOOKMARK [3][-]{subsubsection.7.14.4.3}{\376\377\000I\000b\000e\000g\000i\000n}{subsection.7.14.4}
\BOOKMARK [3][-]{subsubsection.7.14.4.4}{\376\377\000I\000e\000n\000d}{subsection.7.14.4}
\BOOKMARK [3][-]{subsubsection.7.14.4.5}{\376\377\000s\000o\000l\000v\000e\000c\000o\000m\000p\000l\000e\000x}{subsection.7.14.4}
\BOOKMARK [3][-]{subsubsection.7.14.4.6}{\376\377\000s\000o\000l\000v\000e\000r\000e\000a\000l}{subsection.7.14.4}
\BOOKMARK [2][-]{subsection.7.14.5}{\376\377\000M\000e\000m\000b\000e\000r\000\040\000D\000a\000t\000a\000\040\000D\000o\000c\000u\000m\000e\000n\000t\000a\000t\000i\000o\000n}{section.7.14}
\BOOKMARK [3][-]{subsubsection.7.14.5.1}{\376\377\000c\000a\000l\000h\000e\000s}{subsection.7.14.5}
\BOOKMARK [3][-]{subsubsection.7.14.5.2}{\376\377\000C\000i}{subsection.7.14.5}
\BOOKMARK [3][-]{subsubsection.7.14.5.3}{\376\377\000C\000r}{subsection.7.14.5}
\BOOKMARK [3][-]{subsubsection.7.14.5.4}{\376\377\000E\0001}{subsection.7.14.5}
\BOOKMARK [3][-]{subsubsection.7.14.5.5}{\376\377\000E\0002\000I}{subsection.7.14.5}
\BOOKMARK [3][-]{subsubsection.7.14.5.6}{\376\377\000E\0002\000R}{subsection.7.14.5}
\BOOKMARK [3][-]{subsubsection.7.14.5.7}{\376\377\000F\000i}{subsection.7.14.5}
\BOOKMARK [3][-]{subsubsection.7.14.5.8}{\376\377\000F\000r}{subsection.7.14.5}
\BOOKMARK [3][-]{subsubsection.7.14.5.9}{\376\377\000i\000p\000i}{subsection.7.14.5}
\BOOKMARK [3][-]{subsubsection.7.14.5.10}{\376\377\000i\000p\000r}{subsection.7.14.5}
\BOOKMARK [3][-]{subsubsection.7.14.5.11}{\376\377\000l\000w\000o\000r\000k}{subsection.7.14.5}
\BOOKMARK [3][-]{subsubsection.7.14.5.12}{\376\377\000t\000a\000u}{subsection.7.14.5}
\BOOKMARK [3][-]{subsubsection.7.14.5.13}{\376\377\000w\000o\000r\000k}{subsection.7.14.5}
\BOOKMARK [1][-]{section.7.15}{\376\377\000o\000d\000e\000s\000:\000:\000M\000a\000t\000r\000i\000x\000t\000y\000p\000e\000<\000\040\000n\000,\000\040\000n\000s\000u\000b\000,\000\040\000n\000s\000u\000p\000\040\000>\000\040\000S\000t\000r\000u\000c\000t\000\040\000T\000e\000m\000p\000l\000a\000t\000e\000\040\000R\000e\000f\000e\000r\000e\000n\000c\000e}{chapter.7}
\BOOKMARK [2][-]{subsection.7.15.1}{\376\377\000M\000e\000m\000b\000e\000r\000\040\000T\000y\000p\000e\000d\000e\000f\000\040\000D\000o\000c\000u\000m\000e\000n\000t\000a\000t\000i\000o\000n}{section.7.15}
\BOOKMARK [3][-]{subsubsection.7.15.1.1}{\376\377\000M\000a\000t\000r\000i\000x}{subsection.7.15.1}
\BOOKMARK [2][-]{subsection.7.15.2}{\376\377\000M\000e\000m\000b\000e\000r\000\040\000D\000a\000t\000a\000\040\000D\000o\000c\000u\000m\000e\000n\000t\000a\000t\000i\000o\000n}{section.7.15}
\BOOKMARK [3][-]{subsubsection.7.15.2.1}{\376\377\000F\000u\000l\000l}{subsection.7.15.2}
\BOOKMARK [1][-]{section.7.16}{\376\377\000o\000d\000e\000s\000:\000:\000R\000a\000d\000a\000u\0005\000c\000c\000<\000\040\000F\000o\000n\000c\000t\000\040\000>\000\040\000C\000l\000a\000s\000s\000\040\000T\000e\000m\000p\000l\000a\000t\000e\000\040\000R\000e\000f\000e\000r\000e\000n\000c\000e}{chapter.7}
\BOOKMARK [2][-]{subsection.7.16.1}{\376\377\000D\000e\000t\000a\000i\000l\000e\000d\000\040\000D\000e\000s\000c\000r\000i\000p\000t\000i\000o\000n}{section.7.16}
\BOOKMARK [2][-]{subsection.7.16.2}{\376\377\000M\000e\000m\000b\000e\000r\000\040\000T\000y\000p\000e\000d\000e\000f\000\040\000D\000o\000c\000u\000m\000e\000n\000t\000a\000t\000i\000o\000n}{section.7.16}
\BOOKMARK [3][-]{subsubsection.7.16.2.1}{\376\377\000M\000a\000t\000r\000i\000x\000C\000o\000m\000p\000l\000e\000x}{subsection.7.16.2}
\BOOKMARK [3][-]{subsubsection.7.16.2.2}{\376\377\000M\000a\000t\000r\000i\000x\000R\000e\000a\000l}{subsection.7.16.2}
\BOOKMARK [2][-]{subsection.7.16.3}{\376\377\000M\000e\000m\000b\000e\000r\000\040\000E\000n\000u\000m\000e\000r\000a\000t\000i\000o\000n\000\040\000D\000o\000c\000u\000m\000e\000n\000t\000a\000t\000i\000o\000n}{section.7.16}
\BOOKMARK [3][-]{subsubsection.7.16.3.1}{\376\377\000O\000u\000t\000N\000e\000w\000t\000o\000n\000L\000o\000o\000p}{subsection.7.16.3}
\BOOKMARK [2][-]{subsection.7.16.4}{\376\377\000C\000o\000n\000s\000t\000r\000u\000c\000t\000o\000r\000\040\000\046\000\040\000D\000e\000s\000t\000r\000u\000c\000t\000o\000r\000\040\000D\000o\000c\000u\000m\000e\000n\000t\000a\000t\000i\000o\000n}{section.7.16}
\BOOKMARK [3][-]{subsubsection.7.16.4.1}{\376\377\000R\000a\000d\000a\000u\0005\000c\000c}{subsection.7.16.4}
\BOOKMARK [3][-]{subsubsection.7.16.4.2}{\376\377\000R\000a\000d\000a\000u\0005\000c\000c}{subsection.7.16.4}
\BOOKMARK [2][-]{subsection.7.16.5}{\376\377\000M\000e\000m\000b\000e\000r\000\040\000F\000u\000n\000c\000t\000i\000o\000n\000\040\000D\000o\000c\000u\000m\000e\000n\000t\000a\000t\000i\000o\000n}{section.7.16}
\BOOKMARK [3][-]{subsubsection.7.16.5.1}{\376\377\000c\000t\000\137\000a\000s\000s\000e\000r\000t}{subsection.7.16.5}
\BOOKMARK [3][-]{subsubsection.7.16.5.2}{\376\377\000d\000e\000c\000o\000m\000c}{subsection.7.16.5}
\BOOKMARK [3][-]{subsubsection.7.16.5.3}{\376\377\000d\000e\000c\000o\000m\000r}{subsection.7.16.5}
\BOOKMARK [3][-]{subsubsection.7.16.5.4}{\376\377\000d\000o\000N\000e\000w\000t\000o\000n\000M\000a\000t\000r\000i\000c\000e\000s}{subsection.7.16.5}
\BOOKMARK [3][-]{subsubsection.7.16.5.5}{\376\377\000d\000o\000S\000c\000a\000l}{subsection.7.16.5}
\BOOKMARK [3][-]{subsubsection.7.16.5.6}{\376\377\000e\000s\000t\000r\000a\000d}{subsection.7.16.5}
\BOOKMARK [3][-]{subsubsection.7.16.5.7}{\376\377\000g\000e\000t\000f\000i\000r\000s\000t\000A\000c\000c\000e\000p\000t\000e\000d\000S\000t\000e\000p}{subsection.7.16.5}
\BOOKMARK [3][-]{subsubsection.7.16.5.8}{\376\377\000g\000e\000t\000L\000a\000s\000t\000T\000i\000m\000e\000S\000t\000e\000p}{subsection.7.16.5}
\BOOKMARK [3][-]{subsubsection.7.16.5.9}{\376\377\000g\000e\000t\000N\000a\000c\000c\000p\000t}{subsection.7.16.5}
\BOOKMARK [3][-]{subsubsection.7.16.5.10}{\376\377\000g\000e\000t\000N\000d\000e\000c}{subsection.7.16.5}
\BOOKMARK [3][-]{subsubsection.7.16.5.11}{\376\377\000g\000e\000t\000N\000e\000w\000t}{subsection.7.16.5}
\BOOKMARK [3][-]{subsubsection.7.16.5.12}{\376\377\000g\000e\000t\000N\000f\000o\000n\000c\000C\000a\000l\000l\000e\000d}{subsection.7.16.5}
\BOOKMARK [3][-]{subsubsection.7.16.5.13}{\376\377\000g\000e\000t\000N\000J\000a\000c}{subsection.7.16.5}
\BOOKMARK [3][-]{subsubsection.7.16.5.14}{\376\377\000g\000e\000t\000N\000r\000e\000j\000c\000t}{subsection.7.16.5}
\BOOKMARK [3][-]{subsubsection.7.16.5.15}{\376\377\000g\000e\000t\000N\000s\000t\000e\000p}{subsection.7.16.5}
\BOOKMARK [3][-]{subsubsection.7.16.5.16}{\376\377\000I\000b\000e\000g\000i\000n}{subsection.7.16.5}
\BOOKMARK [3][-]{subsubsection.7.16.5.17}{\376\377\000I\000e\000n\000d}{subsection.7.16.5}
\BOOKMARK [3][-]{subsubsection.7.16.5.18}{\376\377\000J\000a\000c\000o\000b\000i\000a\000n}{subsection.7.16.5}
\BOOKMARK [3][-]{subsubsection.7.16.5.19}{\376\377\000J\000a\000c\000o\000b\000i\000a\000n}{subsection.7.16.5}
\BOOKMARK [3][-]{subsubsection.7.16.5.20}{\376\377\000N\000e\000w\000t\000o\000n}{subsection.7.16.5}
\BOOKMARK [3][-]{subsubsection.7.16.5.21}{\376\377\000N\000e\000w\000t\000o\000n\000I\000t\000e\000r\000a\000t\000i\000o\000n\000T\000e\000s\000t}{subsection.7.16.5}
\BOOKMARK [3][-]{subsubsection.7.16.5.22}{\376\377\000o\000p\000e\000r\000a\000t\000o\000r\000\050\000\051}{subsection.7.16.5}
\BOOKMARK [3][-]{subsubsection.7.16.5.23}{\376\377\000p\000e\000r\000f\000o\000r\000m\000O\000n\000l\000y\000O\000n\000e\000S\000t\000e\000p}{subsection.7.16.5}
\BOOKMARK [3][-]{subsubsection.7.16.5.24}{\376\377\000r\000h\000s}{subsection.7.16.5}
\BOOKMARK [3][-]{subsubsection.7.16.5.25}{\376\377\000s\000e\000t\000F\000a\000c\000r\000F\000a\000c\000l}{subsection.7.16.5}
\BOOKMARK [3][-]{subsubsection.7.16.5.26}{\376\377\000s\000e\000t\000F\000n\000e\000w\000t}{subsection.7.16.5}
\BOOKMARK [3][-]{subsubsection.7.16.5.27}{\376\377\000s\000e\000t\000G\000u\000s\000t\000a\000f\000s\000s\000o\000n\000T\000e\000s\000t}{subsection.7.16.5}
\BOOKMARK [3][-]{subsubsection.7.16.5.28}{\376\377\000s\000e\000t\000h}{subsection.7.16.5}
\BOOKMARK [3][-]{subsubsection.7.16.5.29}{\376\377\000s\000e\000t\000M\000a\000x\000I\000t\000e\000r\000a\000t\000i\000o\000n\000s\000N\000e\000w\000t\000o\000n}{subsection.7.16.5}
\BOOKMARK [3][-]{subsubsection.7.16.5.30}{\376\377\000s\000e\000t\000N\000m\000a\000x}{subsection.7.16.5}
\BOOKMARK [3][-]{subsubsection.7.16.5.31}{\376\377\000s\000e\000t\000R\000e\000c\000o\000m\000p\000u\000t\000e\000J\000a\000c\000o\000b\000i\000a\000n\000T\000r\000e\000s\000h\000o\000l\000d}{subsection.7.16.5}
\BOOKMARK [3][-]{subsubsection.7.16.5.32}{\376\377\000s\000e\000t\000S\000a\000f\000e}{subsection.7.16.5}
\BOOKMARK [3][-]{subsubsection.7.16.5.33}{\376\377\000s\000e\000t\000T\000e\000s\000t\000P\000o\000l\000i\000c\000y}{subsection.7.16.5}
\BOOKMARK [3][-]{subsubsection.7.16.5.34}{\376\377\000s\000l\000v\000r\000a\000d}{subsection.7.16.5}
\BOOKMARK [3][-]{subsubsection.7.16.5.35}{\376\377\000s\000o\000l\000v\000e\000c\000o\000m\000p\000l\000e\000x}{subsection.7.16.5}
\BOOKMARK [3][-]{subsubsection.7.16.5.36}{\376\377\000s\000o\000l\000v\000e\000r\000e\000a\000l}{subsection.7.16.5}
\BOOKMARK [2][-]{subsection.7.16.6}{\376\377\000M\000e\000m\000b\000e\000r\000\040\000D\000a\000t\000a\000\040\000D\000o\000c\000u\000m\000e\000n\000t\000a\000t\000i\000o\000n}{section.7.16}
\BOOKMARK [3][-]{subsubsection.7.16.6.1}{\376\377\000A\000L\000P\000H}{subsection.7.16.6}
\BOOKMARK [3][-]{subsubsection.7.16.6.2}{\376\377\000a\000t\000o\000l}{subsection.7.16.6}
\BOOKMARK [3][-]{subsubsection.7.16.6.3}{\376\377\000B\000E\000T\000A}{subsection.7.16.6}
\BOOKMARK [3][-]{subsubsection.7.16.6.4}{\376\377\000C\0001}{subsection.7.16.6}
\BOOKMARK [3][-]{subsubsection.7.16.6.5}{\376\377\000C\0001\000M\0001}{subsection.7.16.6}
\BOOKMARK [3][-]{subsubsection.7.16.6.6}{\376\377\000C\0001\000M\000C\0002}{subsection.7.16.6}
\BOOKMARK [3][-]{subsubsection.7.16.6.7}{\376\377\000C\0002}{subsection.7.16.6}
\BOOKMARK [3][-]{subsubsection.7.16.6.8}{\376\377\000C\0002\000M\0001}{subsection.7.16.6}
\BOOKMARK [3][-]{subsubsection.7.16.6.9}{\376\377\000c\000a\000l\000h\000e\000s}{subsection.7.16.6}
\BOOKMARK [3][-]{subsubsection.7.16.6.10}{\376\377\000c\000a\000l\000j\000a\000c}{subsection.7.16.6}
\BOOKMARK [3][-]{subsubsection.7.16.6.11}{\376\377\000c\000f\000a\000c}{subsection.7.16.6}
\BOOKMARK [3][-]{subsubsection.7.16.6.12}{\376\377\000C\000N\000O}{subsection.7.16.6}
\BOOKMARK [3][-]{subsubsection.7.16.6.13}{\376\377\000C\000o\000m\000p\000u\000t\000e\000J\000a\000c\000o\000b\000i\000a\000n\000N\000u\000m\000e\000r\000i\000c\000a\000l\000l\000y}{subsection.7.16.6}
\BOOKMARK [3][-]{subsubsection.7.16.6.14}{\376\377\000C\000O\000N\000T\0001}{subsection.7.16.6}
\BOOKMARK [3][-]{subsubsection.7.16.6.15}{\376\377\000D\000D\0001}{subsection.7.16.6}
\BOOKMARK [3][-]{subsubsection.7.16.6.16}{\376\377\000D\000D\0002}{subsection.7.16.6}
\BOOKMARK [3][-]{subsubsection.7.16.6.17}{\376\377\000D\000D\0003}{subsection.7.16.6}
\BOOKMARK [3][-]{subsubsection.7.16.6.18}{\376\377\000d\000y\000n\000o}{subsection.7.16.6}
\BOOKMARK [3][-]{subsubsection.7.16.6.19}{\376\377\000d\000y\000n\000o\000l\000d}{subsection.7.16.6}
\BOOKMARK [3][-]{subsubsection.7.16.6.20}{\376\377\000e\000r\000r\000a\000c\000c}{subsection.7.16.6}
\BOOKMARK [3][-]{subsubsection.7.16.6.21}{\376\377\000F}{subsection.7.16.6}
\BOOKMARK [3][-]{subsubsection.7.16.6.22}{\376\377\000F\0001}{subsection.7.16.6}
\BOOKMARK [3][-]{subsubsection.7.16.6.23}{\376\377\000F\0002}{subsection.7.16.6}
\BOOKMARK [3][-]{subsubsection.7.16.6.24}{\376\377\000F\0003}{subsection.7.16.6}
\BOOKMARK [3][-]{subsubsection.7.16.6.25}{\376\377\000f\000a\000c\000c\000o\000n}{subsection.7.16.6}
\BOOKMARK [3][-]{subsubsection.7.16.6.26}{\376\377\000f\000a\000c\000l}{subsection.7.16.6}
\BOOKMARK [3][-]{subsubsection.7.16.6.27}{\376\377\000f\000a\000c\000r}{subsection.7.16.6}
\BOOKMARK [3][-]{subsubsection.7.16.6.28}{\376\377\000f\000i\000r\000s\000t}{subsection.7.16.6}
\BOOKMARK [3][-]{subsubsection.7.16.6.29}{\376\377\000f\000i\000r\000s\000t\000A\000c\000c\000e\000p\000t\000e\000d\000S\000t\000e\000p}{subsection.7.16.6}
\BOOKMARK [3][-]{subsubsection.7.16.6.30}{\376\377\000f\000n\000e\000w\000t}{subsection.7.16.6}
\BOOKMARK [3][-]{subsubsection.7.16.6.31}{\376\377\000g\000u\000s\000t\000a\000f\000s\000s\000o\000n\000T\000e\000s\000t}{subsection.7.16.6}
\BOOKMARK [3][-]{subsubsection.7.16.6.32}{\376\377\000h}{subsection.7.16.6}
\BOOKMARK [3][-]{subsubsection.7.16.6.33}{\376\377\000h\000a\000c\000c}{subsection.7.16.6}
\BOOKMARK [3][-]{subsubsection.7.16.6.34}{\376\377\000H\000e\000s\000s\000e\000n\000b\000e\000r\000g}{subsection.7.16.6}
\BOOKMARK [3][-]{subsubsection.7.16.6.35}{\376\377\000h\000h\000f\000a\000c}{subsection.7.16.6}
\BOOKMARK [3][-]{subsubsection.7.16.6.36}{\376\377\000h\000m\000a\000x}{subsection.7.16.6}
\BOOKMARK [3][-]{subsubsection.7.16.6.37}{\376\377\000h\000m\000a\000x\000n}{subsection.7.16.6}
\BOOKMARK [3][-]{subsubsection.7.16.6.38}{\376\377\000h\000o\000l\000d}{subsection.7.16.6}
\BOOKMARK [3][-]{subsubsection.7.16.6.39}{\376\377\000h\000o\000p\000t}{subsection.7.16.6}
\BOOKMARK [3][-]{subsubsection.7.16.6.40}{\376\377\000J\000a\000c}{subsection.7.16.6}
\BOOKMARK [3][-]{subsubsection.7.16.6.41}{\376\377\000l\000a\000s\000t}{subsection.7.16.6}
\BOOKMARK [3][-]{subsubsection.7.16.6.42}{\376\377\000M\000a\000t\000r\000i\000x\000F\000u\000l\000l}{subsection.7.16.6}
\BOOKMARK [3][-]{subsubsection.7.16.6.43}{\376\377\000n}{subsection.7.16.6}
\BOOKMARK [3][-]{subsubsection.7.16.6.44}{\376\377\000n\000a\000c\000c\000p\000t}{subsection.7.16.6}
\BOOKMARK [3][-]{subsubsection.7.16.6.45}{\376\377\000n\000d\000e\000c}{subsection.7.16.6}
\BOOKMARK [3][-]{subsubsection.7.16.6.46}{\376\377\000n\000e\000w\000t}{subsection.7.16.6}
\BOOKMARK [3][-]{subsubsection.7.16.6.47}{\376\377\000n\000f\000o\000n\000c\000c\000a\000l\000l\000e\000d}{subsection.7.16.6}
\BOOKMARK [3][-]{subsubsection.7.16.6.48}{\376\377\000n\000i\000n\000f}{subsection.7.16.6}
\BOOKMARK [3][-]{subsubsection.7.16.6.49}{\376\377\000n\000i\000t}{subsection.7.16.6}
\BOOKMARK [3][-]{subsubsection.7.16.6.50}{\376\377\000n\000j\000a\000c}{subsection.7.16.6}
\BOOKMARK [3][-]{subsubsection.7.16.6.51}{\376\377\000n\000m\000a\000x}{subsection.7.16.6}
\BOOKMARK [3][-]{subsubsection.7.16.6.52}{\376\377\000n\000r\000e\000j\000c\000t}{subsection.7.16.6}
\BOOKMARK [3][-]{subsubsection.7.16.6.53}{\376\377\000n\000s\000t\000e\000p}{subsection.7.16.6}
\BOOKMARK [3][-]{subsubsection.7.16.6.54}{\376\377\000n\000s\000u\000p}{subsection.7.16.6}
\BOOKMARK [3][-]{subsubsection.7.16.6.55}{\376\377\000o\000n\000l\000y\000O\000n\000e\000S\000t\000e\000p}{subsection.7.16.6}
\BOOKMARK [3][-]{subsubsection.7.16.6.56}{\376\377\000p\000o\000s\000n\000e\000g}{subsection.7.16.6}
\BOOKMARK [3][-]{subsubsection.7.16.6.57}{\376\377\000q\000u\000o\000t\0001}{subsection.7.16.6}
\BOOKMARK [3][-]{subsubsection.7.16.6.58}{\376\377\000q\000u\000o\000t\0002}{subsection.7.16.6}
\BOOKMARK [3][-]{subsubsection.7.16.6.59}{\376\377\000r\000e\000j\000e\000c\000t}{subsection.7.16.6}
\BOOKMARK [3][-]{subsubsection.7.16.6.60}{\376\377\000r\000t\000o\000l}{subsection.7.16.6}
\BOOKMARK [3][-]{subsubsection.7.16.6.61}{\376\377\000s\000a\000f\000e}{subsection.7.16.6}
\BOOKMARK [3][-]{subsubsection.7.16.6.62}{\376\377\000s\000a\000m\000e\000T\000e\000s\000t\000V\000a\000l\000u\000e}{subsection.7.16.6}
\BOOKMARK [3][-]{subsubsection.7.16.6.63}{\376\377\000s\000a\000v\000e\0001}{subsection.7.16.6}
\BOOKMARK [3][-]{subsubsection.7.16.6.64}{\376\377\000s\000a\000v\000e\0002}{subsection.7.16.6}
\BOOKMARK [3][-]{subsubsection.7.16.6.65}{\376\377\000s\000a\000v\000e\0003}{subsection.7.16.6}
\BOOKMARK [3][-]{subsubsection.7.16.6.66}{\376\377\000s\000c\000a\000l}{subsection.7.16.6}
\BOOKMARK [3][-]{subsubsection.7.16.6.67}{\376\377\000S\000Q\0006}{subsection.7.16.6}
\BOOKMARK [3][-]{subsubsection.7.16.6.68}{\376\377\000s\000t\000a\000r\000t\000n}{subsection.7.16.6}
\BOOKMARK [3][-]{subsubsection.7.16.6.69}{\376\377\000T\0001\0001}{subsection.7.16.6}
\BOOKMARK [3][-]{subsubsection.7.16.6.70}{\376\377\000T\0001\0002}{subsection.7.16.6}
\BOOKMARK [3][-]{subsubsection.7.16.6.71}{\376\377\000T\0001\0003}{subsection.7.16.6}
\BOOKMARK [3][-]{subsubsection.7.16.6.72}{\376\377\000T\0002\0001}{subsection.7.16.6}
\BOOKMARK [3][-]{subsubsection.7.16.6.73}{\376\377\000T\0002\0002}{subsection.7.16.6}
\BOOKMARK [3][-]{subsubsection.7.16.6.74}{\376\377\000T\0002\0003}{subsection.7.16.6}
\BOOKMARK [3][-]{subsubsection.7.16.6.75}{\376\377\000T\0003\0001}{subsection.7.16.6}
\BOOKMARK [3][-]{subsubsection.7.16.6.76}{\376\377\000t\000h\000e\000t}{subsection.7.16.6}
\BOOKMARK [3][-]{subsubsection.7.16.6.77}{\376\377\000t\000h\000e\000t\000a}{subsection.7.16.6}
\BOOKMARK [3][-]{subsubsection.7.16.6.78}{\376\377\000t\000h\000q\000o\000l\000d}{subsection.7.16.6}
\BOOKMARK [3][-]{subsubsection.7.16.6.79}{\376\377\000T\000I\0001\0001}{subsection.7.16.6}
\BOOKMARK [3][-]{subsubsection.7.16.6.80}{\376\377\000T\000I\0001\0002}{subsection.7.16.6}
\BOOKMARK [3][-]{subsubsection.7.16.6.81}{\376\377\000T\000I\0001\0003}{subsection.7.16.6}
\BOOKMARK [3][-]{subsubsection.7.16.6.82}{\376\377\000T\000I\0002\0001}{subsection.7.16.6}
\BOOKMARK [3][-]{subsubsection.7.16.6.83}{\376\377\000T\000I\0002\0002}{subsection.7.16.6}
\BOOKMARK [3][-]{subsubsection.7.16.6.84}{\376\377\000T\000I\0002\0003}{subsection.7.16.6}
\BOOKMARK [3][-]{subsubsection.7.16.6.85}{\376\377\000T\000I\0003\0001}{subsection.7.16.6}
\BOOKMARK [3][-]{subsubsection.7.16.6.86}{\376\377\000T\000I\0003\0002}{subsection.7.16.6}
\BOOKMARK [3][-]{subsubsection.7.16.6.87}{\376\377\000T\000I\0003\0003}{subsection.7.16.6}
\BOOKMARK [3][-]{subsubsection.7.16.6.88}{\376\377\000t\000o\000l\000s\000t}{subsection.7.16.6}
\BOOKMARK [3][-]{subsubsection.7.16.6.89}{\376\377\000U\0001}{subsection.7.16.6}
\BOOKMARK [3][-]{subsubsection.7.16.6.90}{\376\377\000u\000r\000o\000u\000n\000d}{subsection.7.16.6}
\BOOKMARK [3][-]{subsubsection.7.16.6.91}{\376\377\000x\000e\000n\000d}{subsection.7.16.6}
\BOOKMARK [3][-]{subsubsection.7.16.6.92}{\376\377\000x\000o\000l\000d}{subsection.7.16.6}
\BOOKMARK [3][-]{subsubsection.7.16.6.93}{\376\377\000x\000p\000h}{subsection.7.16.6}
\BOOKMARK [3][-]{subsubsection.7.16.6.94}{\376\377\000Z\0001}{subsection.7.16.6}
\BOOKMARK [3][-]{subsubsection.7.16.6.95}{\376\377\000Z\0001\000T}{subsection.7.16.6}
\BOOKMARK [3][-]{subsubsection.7.16.6.96}{\376\377\000Z\0002}{subsection.7.16.6}
\BOOKMARK [3][-]{subsubsection.7.16.6.97}{\376\377\000Z\0002\000T}{subsection.7.16.6}
\BOOKMARK [3][-]{subsubsection.7.16.6.98}{\376\377\000Z\0003}{subsection.7.16.6}
\BOOKMARK [3][-]{subsubsection.7.16.6.99}{\376\377\000Z\0003\000T}{subsection.7.16.6}
\BOOKMARK [0][-]{chapter.8}{\376\377\000F\000i\000l\000e\000\040\000D\000o\000c\000u\000m\000e\000n\000t\000a\000t\000i\000o\000n}{}
\BOOKMARK [1][-]{section.8.1}{\376\377\000c\000o\000m\000m\000o\000n\000/\000i\000n\000c\000l\000u\000d\000e\000/\000A\000l\000l\000o\000c\000a\000t\000e\000D\000e\000s\000t\000r\000o\000y\000V\000e\000c\000t\000o\000r\000.\000h\000p\000p\000\040\000F\000i\000l\000e\000\040\000R\000e\000f\000e\000r\000e\000n\000c\000e}{chapter.8}
\BOOKMARK [2][-]{subsection.8.1.1}{\376\377\000M\000a\000c\000r\000o\000\040\000D\000e\000f\000i\000n\000i\000t\000i\000o\000n\000\040\000D\000o\000c\000u\000m\000e\000n\000t\000a\000t\000i\000o\000n}{section.8.1}
\BOOKMARK [3][-]{subsubsection.8.1.1.1}{\376\377\000A\000S\000S\000U\000M\000E\000\137\000A\000L\000I\000G\000N\000E\000D}{subsection.8.1.1}
\BOOKMARK [2][-]{subsection.8.1.2}{\376\377\000F\000u\000n\000c\000t\000i\000o\000n\000\040\000D\000o\000c\000u\000m\000e\000n\000t\000a\000t\000i\000o\000n}{section.8.1}
\BOOKMARK [3][-]{subsubsection.8.1.2.1}{\376\377\000a\000l\000l\000o\000c\000D\000o\000u\000b\000l\000e\000A\000r\000r\000a\000y}{subsection.8.1.2}
\BOOKMARK [3][-]{subsubsection.8.1.2.2}{\376\377\000d\000e\000s\000t\000r\000o\000y\000D\000o\000u\000b\000l\000e\000A\000r\000r\000a\000y}{subsection.8.1.2}
\BOOKMARK [1][-]{section.8.2}{\376\377\000c\000o\000m\000m\000o\000n\000/\000i\000n\000c\000l\000u\000d\000e\000/\000c\000o\000m\000p\000a\000t\000.\000h\000p\000p\000\040\000F\000i\000l\000e\000\040\000R\000e\000f\000e\000r\000e\000n\000c\000e}{chapter.8}
\BOOKMARK [2][-]{subsection.8.2.1}{\376\377\000M\000a\000c\000r\000o\000\040\000D\000e\000f\000i\000n\000i\000t\000i\000o\000n\000\040\000D\000o\000c\000u\000m\000e\000n\000t\000a\000t\000i\000o\000n}{section.8.2}
\BOOKMARK [3][-]{subsubsection.8.2.1.1}{\376\377\000A\000S\000S\000E\000R\000T\000\137\000C\000O\000N\000C\000A\000T}{subsection.8.2.1}
\BOOKMARK [3][-]{subsubsection.8.2.1.2}{\376\377\000A\000S\000S\000E\000R\000T\000\137\000C\000O\000N\000C\000A\000T\000\137}{subsection.8.2.1}
\BOOKMARK [3][-]{subsubsection.8.2.1.3}{\376\377\000c\000t\000\137\000a\000s\000s\000e\000r\000t}{subsection.8.2.1}
\BOOKMARK [1][-]{section.8.3}{\376\377\000c\000o\000m\000m\000o\000n\000/\000i\000n\000c\000l\000u\000d\000e\000/\000f\000o\000r\000t\000r\000a\000n\000A\000r\000r\000a\000y\000.\000h\000p\000p\000\040\000F\000i\000l\000e\000\040\000R\000e\000f\000e\000r\000e\000n\000c\000e}{chapter.8}
\BOOKMARK [1][-]{section.8.4}{\376\377\000c\000o\000m\000m\000o\000n\000/\000i\000n\000c\000l\000u\000d\000e\000/\000f\000o\000r\000t\000r\000a\000n\000C\000o\000m\000p\000l\000e\000x\000A\000r\000r\000a\000y\000.\000h\000p\000p\000\040\000F\000i\000l\000e\000\040\000R\000e\000f\000e\000r\000e\000n\000c\000e}{chapter.8}
\BOOKMARK [1][-]{section.8.5}{\376\377\000c\000o\000m\000m\000o\000n\000/\000i\000n\000c\000l\000u\000d\000e\000/\000f\000o\000r\000t\000r\000a\000n\000R\000e\000c\000t\000a\000n\000g\000u\000l\000a\000r\000A\000r\000r\000a\000y\000.\000h\000p\000p\000\040\000F\000i\000l\000e\000\040\000R\000e\000f\000e\000r\000e\000n\000c\000e}{chapter.8}
\BOOKMARK [2][-]{subsection.8.5.1}{\376\377\000M\000a\000c\000r\000o\000\040\000D\000e\000f\000i\000n\000i\000t\000i\000o\000n\000\040\000D\000o\000c\000u\000m\000e\000n\000t\000a\000t\000i\000o\000n}{section.8.5}
\BOOKMARK [3][-]{subsubsection.8.5.1.1}{\376\377\000M\000A\000X}{subsection.8.5.1}
\BOOKMARK [3][-]{subsubsection.8.5.1.2}{\376\377\000M\000I\000N}{subsection.8.5.1}
\BOOKMARK [1][-]{section.8.6}{\376\377\000c\000o\000m\000m\000o\000n\000/\000i\000n\000c\000l\000u\000d\000e\000/\000f\000o\000r\000t\000r\000a\000n\000R\000e\000c\000t\000a\000n\000g\000u\000l\000a\000r\000C\000o\000m\000p\000l\000e\000x\000A\000r\000r\000a\000y\000.\000h\000p\000p\000\040\000F\000i\000l\000e\000\040\000R\000e\000f\000e\000r\000e\000n\000c\000e}{chapter.8}
\BOOKMARK [2][-]{subsection.8.6.1}{\376\377\000M\000a\000c\000r\000o\000\040\000D\000e\000f\000i\000n\000i\000t\000i\000o\000n\000\040\000D\000o\000c\000u\000m\000e\000n\000t\000a\000t\000i\000o\000n}{section.8.6}
\BOOKMARK [3][-]{subsubsection.8.6.1.1}{\376\377\000M\000A\000X}{subsection.8.6.1}
\BOOKMARK [3][-]{subsubsection.8.6.1.2}{\376\377\000M\000I\000N}{subsection.8.6.1}
\BOOKMARK [1][-]{section.8.7}{\376\377\000c\000o\000m\000m\000o\000n\000/\000i\000n\000c\000l\000u\000d\000e\000/\000f\000o\000r\000t\000r\000a\000n\000V\000e\000c\000t\000o\000r\000.\000h\000p\000p\000\040\000F\000i\000l\000e\000\040\000R\000e\000f\000e\000r\000e\000n\000c\000e}{chapter.8}
\BOOKMARK [1][-]{section.8.8}{\376\377\000c\000o\000m\000m\000o\000n\000/\000i\000n\000c\000l\000u\000d\000e\000/\000G\000e\000n\000e\000r\000i\000c\000E\000x\000c\000e\000p\000t\000i\000o\000n\000.\000h\000p\000p\000\040\000F\000i\000l\000e\000\040\000R\000e\000f\000e\000r\000e\000n\000c\000e}{chapter.8}
\BOOKMARK [1][-]{section.8.9}{\376\377\000c\000o\000m\000m\000o\000n\000/\000i\000n\000c\000l\000u\000d\000e\000/\000H\000e\000s\000s\000e\000n\000b\000e\000r\000g\000.\000h\000p\000p\000\040\000F\000i\000l\000e\000\040\000R\000e\000f\000e\000r\000e\000n\000c\000e}{chapter.8}
\BOOKMARK [2][-]{subsection.8.9.1}{\376\377\000M\000a\000c\000r\000o\000\040\000D\000e\000f\000i\000n\000i\000t\000i\000o\000n\000\040\000D\000o\000c\000u\000m\000e\000n\000t\000a\000t\000i\000o\000n}{section.8.9}
\BOOKMARK [3][-]{subsubsection.8.9.1.1}{\376\377\000A\000B\000S}{subsection.8.9.1}
\BOOKMARK [3][-]{subsubsection.8.9.1.2}{\376\377\000M\000I\000N}{subsection.8.9.1}
\BOOKMARK [2][-]{subsection.8.9.2}{\376\377\000F\000u\000n\000c\000t\000i\000o\000n\000\040\000D\000o\000c\000u\000m\000e\000n\000t\000a\000t\000i\000o\000n}{section.8.9}
\BOOKMARK [3][-]{subsubsection.8.9.2.1}{\376\377\000d\000e\000c\000h}{subsection.8.9.2}
\BOOKMARK [3][-]{subsubsection.8.9.2.2}{\376\377\000d\000e\000c\000h\000c}{subsection.8.9.2}
\BOOKMARK [3][-]{subsubsection.8.9.2.3}{\376\377\000h\000o\000u\000s\000e\000h\000o\000l\000d\000e\000r}{subsection.8.9.2}
\BOOKMARK [3][-]{subsubsection.8.9.2.4}{\376\377\000s\000o\000l\000h}{subsection.8.9.2}
\BOOKMARK [3][-]{subsubsection.8.9.2.5}{\376\377\000s\000o\000l\000h\000c}{subsection.8.9.2}
\BOOKMARK [1][-]{section.8.10}{\376\377\000c\000o\000m\000m\000o\000n\000/\000i\000n\000c\000l\000u\000d\000e\000/\000I\000v\000d\000e\000p\000.\000h\000p\000p\000\040\000F\000i\000l\000e\000\040\000R\000e\000f\000e\000r\000e\000n\000c\000e}{chapter.8}
\BOOKMARK [1][-]{section.8.11}{\376\377\000c\000o\000m\000m\000o\000n\000/\000i\000n\000c\000l\000u\000d\000e\000/\000l\000o\000g\000g\000e\000r\000.\000h\000p\000p\000\040\000F\000i\000l\000e\000\040\000R\000e\000f\000e\000r\000e\000n\000c\000e}{chapter.8}
\BOOKMARK [1][-]{section.8.12}{\376\377\000c\000o\000m\000m\000o\000n\000/\000i\000n\000c\000l\000u\000d\000e\000/\000M\000a\000c\000r\000o\000s\000F\000o\000r\000C\000o\000m\000p\000i\000l\000e\000r\000s\000.\000h\000p\000p\000\040\000F\000i\000l\000e\000\040\000R\000e\000f\000e\000r\000e\000n\000c\000e}{chapter.8}
\BOOKMARK [2][-]{subsection.8.12.1}{\376\377\000M\000a\000c\000r\000o\000\040\000D\000e\000f\000i\000n\000i\000t\000i\000o\000n\000\040\000D\000o\000c\000u\000m\000e\000n\000t\000a\000t\000i\000o\000n}{section.8.12}
\BOOKMARK [3][-]{subsubsection.8.12.1.1}{\376\377\000B\000L\000O\000C\000K\000\137\000F\000A\000C\000T\000O\000R}{subsection.8.12.1}
\BOOKMARK [1][-]{section.8.13}{\376\377\000c\000o\000m\000m\000o\000n\000/\000i\000n\000c\000l\000u\000d\000e\000/\000M\000a\000t\000r\000i\000c\000e\000s\000.\000h\000p\000p\000\040\000F\000i\000l\000e\000\040\000R\000e\000f\000e\000r\000e\000n\000c\000e}{chapter.8}
\BOOKMARK [2][-]{subsection.8.13.1}{\376\377\000M\000a\000c\000r\000o\000\040\000D\000e\000f\000i\000n\000i\000t\000i\000o\000n\000\040\000D\000o\000c\000u\000m\000e\000n\000t\000a\000t\000i\000o\000n}{section.8.13}
\BOOKMARK [3][-]{subsubsection.8.13.1.1}{\376\377\000M\000A\000X}{subsection.8.13.1}
\BOOKMARK [3][-]{subsubsection.8.13.1.2}{\376\377\000M\000I\000N}{subsection.8.13.1}
\BOOKMARK [1][-]{section.8.14}{\376\377\000c\000o\000m\000m\000o\000n\000/\000i\000n\000c\000l\000u\000d\000e\000/\000M\000a\000t\000r\000i\000x\000T\000y\000p\000e\000.\000h\000p\000p\000\040\000F\000i\000l\000e\000\040\000R\000e\000f\000e\000r\000e\000n\000c\000e}{chapter.8}
\BOOKMARK [1][-]{section.8.15}{\376\377\000c\000o\000m\000m\000o\000n\000/\000i\000n\000c\000l\000u\000d\000e\000/\000p\000r\000o\000t\000o\000s\000\137\000l\000a\000p\000a\000c\000k\000.\000h\000p\000p\000\040\000F\000i\000l\000e\000\040\000R\000e\000f\000e\000r\000e\000n\000c\000e}{chapter.8}
\BOOKMARK [1][-]{section.8.16}{\376\377\000M\000a\000i\000n\000p\000a\000g\000e\000/\000m\000a\000i\000n\000p\000a\000g\000e\000.\000d\000o\000x\000\040\000F\000i\000l\000e\000\040\000R\000e\000f\000e\000r\000e\000n\000c\000e}{chapter.8}
\BOOKMARK [1][-]{section.8.17}{\376\377\000R\000a\000d\000a\000u\0005\000-\000N\000G\000/\000i\000n\000c\000l\000u\000d\000e\000/\000R\000a\000d\000a\000u\0005\000c\000c\000.\000h\000p\000p\000\040\000F\000i\000l\000e\000\040\000R\000e\000f\000e\000r\000e\000n\000c\000e}{chapter.8}
\BOOKMARK [2][-]{subsection.8.17.1}{\376\377\000M\000a\000c\000r\000o\000\040\000D\000e\000f\000i\000n\000i\000t\000i\000o\000n\000\040\000D\000o\000c\000u\000m\000e\000n\000t\000a\000t\000i\000o\000n}{section.8.17}
\BOOKMARK [3][-]{subsubsection.8.17.1.1}{\376\377\000A\000B\000S}{subsection.8.17.1}
\BOOKMARK [3][-]{subsubsection.8.17.1.2}{\376\377\000M\000A\000X}{subsection.8.17.1}
\BOOKMARK [3][-]{subsubsection.8.17.1.3}{\376\377\000M\000I\000N}{subsection.8.17.1}
\BOOKMARK [3][-]{subsubsection.8.17.1.4}{\376\377\000S\000I\000G\000N}{subsection.8.17.1}
\BOOKMARK [0][-]{section*.98}{\376\377\000I\000n\000d\000e\000x}{}
